2024-01-02 00:01:419 INFO  Homepage :95 - Navigating to current url
2024-01-02 00:01:727 INFO  Homepage :102 - verifying homepage url.
2024-01-02 00:01:375 INFO  Homepage :88 - hover to menu and click on element.
2024-01-02 00:01:395 INFO  ContactUsPage :53 - Getting get in touch message: [[ChromeDriver: chrome on windows (a59fa87ff4041a9534c340a7fbe152e8)] -> xpath: //h2[normalize-space()='Get In Touch']]
2024-01-02 00:01:838 INFO  ContactUsPage :61 - Entering all field
2024-01-02 00:01:50 INFO  Homepage :95 - Navigating to current url
2024-01-02 00:01:846 INFO  Homepage :102 - verifying homepage url.
2024-01-02 00:01:156 INFO  Homepage :88 - hover to menu and click on element.
2024-01-02 00:01:474 INFO  Homepage :18 - Getting Test Cases Text: [[ChromeDriver: chrome on windows (d1e182b4eabbb6ffa5a22f7663062bb8)] -> xpath: //b[normalize-space()='Test Cases']]
2024-01-02 00:01:545 INFO  Homepage :95 - Navigating to current url
2024-01-02 00:01:225 INFO  Homepage :102 - verifying homepage url.
2024-01-02 00:01:273 INFO  Homepage :128 - Scroll Down to Subscription
2024-01-02 00:01:335 INFO  Homepage :132 - Getting Subscription text : [[ChromeDriver: chrome on windows (741a090c6701206afcc835efd92f8de6)] -> xpath: //h2[normalize-space()='Subscription']]
2024-01-02 00:01:516 INFO  Homepage :138 - Sending creative1@gmail.com to subscription email field : [[ChromeDriver: chrome on windows (741a090c6701206afcc835efd92f8de6)] -> xpath: //input[@id='susbscribe_email']]
2024-01-02 00:01:565 INFO  Homepage :143 - Clicking on subscription arrow button : [[ChromeDriver: chrome on windows (741a090c6701206afcc835efd92f8de6)] -> xpath: //i[@class='fa fa-arrow-circle-o-right']]
2024-01-02 00:01:585 INFO  Homepage :147 - Getting subscription success message : [[ChromeDriver: chrome on windows (741a090c6701206afcc835efd92f8de6)] -> xpath: //div[@class='alert-success alert']]
2024-01-02 00:01:102 INFO  Homepage :95 - Navigating to current url
2024-01-02 00:01:438 INFO  Homepage :102 - verifying homepage url.
2024-01-02 00:01:691 INFO  Homepage :88 - hover to menu and click on element.
2024-01-02 00:01:723 INFO  Homepage :128 - Scroll Down to Subscription
2024-01-02 00:01:740 INFO  Homepage :132 - Getting Subscription text : [[ChromeDriver: chrome on windows (ef0ab4be287c5680a2e90aa1b49aeacf)] -> xpath: //h2[normalize-space()='Subscription']]
2024-01-02 00:01:909 INFO  Homepage :138 - Sending creative1@gmail.com to subscription email field : [[ChromeDriver: chrome on windows (ef0ab4be287c5680a2e90aa1b49aeacf)] -> xpath: //input[@id='susbscribe_email']]
2024-01-02 00:01:961 INFO  Homepage :143 - Clicking on subscription arrow button : [[ChromeDriver: chrome on windows (ef0ab4be287c5680a2e90aa1b49aeacf)] -> xpath: //i[@class='fa fa-arrow-circle-o-right']]
2024-01-02 00:01:977 INFO  Homepage :147 - Getting subscription success message : [[ChromeDriver: chrome on windows (ef0ab4be287c5680a2e90aa1b49aeacf)] -> xpath: //div[@class='alert-success alert']]
2024-01-02 00:01:729 INFO  Homepage :95 - Navigating to current url
2024-01-02 00:01:702 INFO  Homepage :102 - verifying homepage url.
2024-01-02 00:01:735 INFO  Homepage :128 - Scroll Down to Subscription
2024-01-02 00:01:781 INFO  Homepage :132 - Getting Subscription text : [[ChromeDriver: chrome on windows (b684fd60fabeadbe18ffaf3c03ec47f7)] -> xpath: //h2[normalize-space()='Subscription']]
2024-01-02 00:01:828 INFO  Homepage :181 - Clicking on bottom right corner arrow button : [[ChromeDriver: chrome on windows (b684fd60fabeadbe18ffaf3c03ec47f7)] -> xpath: //i[@class='fa fa-angle-up']]
2024-01-02 00:01:844 INFO  Homepage :185 - Getting full fledged text from top of the page : [[ChromeDriver: chrome on windows (b684fd60fabeadbe18ffaf3c03ec47f7)] -> xpath: //div[@class='item active']//h2[contains(text(),'Full-Fledged practice website for Automation Engin')]]
2024-01-02 00:01:523 INFO  Homepage :95 - Navigating to current url
2024-01-02 00:01:852 INFO  Homepage :102 - verifying homepage url.
2024-01-02 00:01:886 INFO  Homepage :128 - Scroll Down to Subscription
2024-01-02 00:01:997 INFO  Homepage :132 - Getting Subscription text : [[ChromeDriver: chrome on windows (c36112bc10f6a59557dfbc4c416d0471)] -> xpath: //h2[normalize-space()='Subscription']]
2024-01-02 00:01:24 INFO  Homepage :160 - Scroll up to (0,0)
2024-01-02 00:01:40 INFO  Homepage :185 - Getting full fledged text from top of the page : [[ChromeDriver: chrome on windows (c36112bc10f6a59557dfbc4c416d0471)] -> xpath: //div[@class='item active']//h2[contains(text(),'Full-Fledged practice website for Automation Engin')]]
2024-01-02 00:01:190 INFO  Homepage :95 - Navigating to current url
2024-01-02 00:01:715 INFO  Homepage :102 - verifying homepage url.
2024-01-02 00:01:177 INFO  Homepage :88 - hover to menu and click on element.
2024-01-02 00:01:225 INFO  SignupLoginPage :74 - Get Login to your account text : Login to your account
2024-01-02 00:01:593 INFO  SignupLoginPage :81 - Entering correct email address and password
2024-01-02 00:01:596 INFO  SignupLoginPage :85 - Click on 'Login' button
2024-01-02 00:01:407 INFO  Homepage :107 - Getting account created message: [[ChromeDriver: chrome on windows (9fcfb1ed075ad1463fd22b4414c9102b)] -> xpath: //a[contains(text(),' Logged in as ')]]
2024-01-02 00:01:539 INFO  Homepage :113 - Clicking on Delete Account button: [[ChromeDriver: chrome on windows (9fcfb1ed075ad1463fd22b4414c9102b)] -> xpath: //a[normalize-space()='Delete Account']]
2024-01-02 00:01:221 INFO  AccountRelatedPage :37 - Getting account deleted message: [[ChromeDriver: chrome on windows (9fcfb1ed075ad1463fd22b4414c9102b)] -> xpath: //b[normalize-space()='Account Deleted!']]
2024-01-02 00:01:04 INFO  AccountRelatedPage :34 - Clicking on continue button: [[ChromeDriver: chrome on windows (9fcfb1ed075ad1463fd22b4414c9102b)] -> xpath: //a[normalize-space()='Continue']]
2024-01-02 00:01:908 INFO  Homepage :95 - Navigating to current url
2024-01-02 00:01:978 INFO  Homepage :102 - verifying homepage url.
2024-01-02 00:01:728 INFO  Homepage :88 - hover to menu and click on element.
2024-01-02 00:01:756 INFO  SignupLoginPage :74 - Get Login to your account text : Login to your account
2024-01-02 00:01:28 INFO  SignupLoginPage :92 - Entering InCorrect email address and password
2024-01-02 00:01:31 INFO  SignupLoginPage :85 - Click on 'Login' button
2024-01-02 00:01:38 INFO  SignupLoginPage :96 - Get Your email or password is incorrect text : Your email or password is incorrect!
2024-01-02 00:01:488 INFO  Homepage :95 - Navigating to current url
2024-01-02 00:01:166 INFO  Homepage :102 - verifying homepage url.
2024-01-02 00:01:449 INFO  Homepage :88 - hover to menu and click on element.
2024-01-02 00:01:509 INFO  SignupLoginPage :74 - Get Login to your account text : Login to your account
2024-01-02 00:01:709 INFO  SignupLoginPage :81 - Entering correct email address and password
2024-01-02 00:01:713 INFO  SignupLoginPage :85 - Click on 'Login' button
2024-01-02 00:01:537 INFO  Homepage :107 - Getting account created message: [[ChromeDriver: chrome on windows (897d9919e0b8541bea286a148d1fee26)] -> xpath: //a[contains(text(),' Logged in as ')]]
2024-01-02 00:01:978 INFO  Homepage :118 - Clicking on Logout button: [[ChromeDriver: chrome on windows (897d9919e0b8541bea286a148d1fee26)] -> xpath: //a[normalize-space()='Logout']]
2024-01-02 00:01:998 INFO  SignupLoginPage :74 - Get Login to your account text : Login to your account
2024-01-02 00:01:917 INFO  Homepage :95 - Navigating to current url
2024-01-02 00:01:272 INFO  Homepage :102 - verifying homepage url.
2024-01-02 00:01:319 INFO  Homepage :88 - hover to menu and click on element.
2024-01-02 00:01:391 INFO  SignupLoginPage :54 - Get New User Signup text : New User Signup!
2024-01-02 00:01:662 INFO  SignupLoginPage :60 - Enter Name : '[[ChromeDriver: chrome on windows (028a2e2c8961c1f12c917df4273dc20d)] -> name: name]' to Name field
2024-01-02 00:01:787 INFO  SignupLoginPage :65 - Enter Email  : '[[ChromeDriver: chrome on windows (028a2e2c8961c1f12c917df4273dc20d)] -> xpath: //input[@data-qa='signup-email']]' to Email Signup field
2024-01-02 00:01:791 INFO  SignupLoginPage :69 - Click on 'Signup' button
2024-01-02 00:01:995 INFO  Homepage :95 - Navigating to current url
2024-01-02 00:01:761 INFO  Homepage :102 - verifying homepage url.
2024-01-02 00:01:37 INFO  ProductPage :156 - Hovering mouse over Blue Top : [[[ChromeDriver: chrome on windows (35759f917802fe03b9d825b428c9c4eb)] -> xpath: //div[@class='product-image-wrapper']/div/div/p], [[ChromeDriver: chrome on windows (35759f917802fe03b9d825b428c9c4eb)] -> xpath: //div[@class='product-image-wrapper']/div/div/p], [[ChromeDriver: chrome on windows (35759f917802fe03b9d825b428c9c4eb)] -> xpath: //div[@class='product-image-wrapper']/div/div/p], [[ChromeDriver: chrome on windows (35759f917802fe03b9d825b428c9c4eb)] -> xpath: //div[@class='product-image-wrapper']/div/div/p], [[ChromeDriver: chrome on windows (35759f917802fe03b9d825b428c9c4eb)] -> xpath: //div[@class='product-image-wrapper']/div/div/p], [[ChromeDriver: chrome on windows (35759f917802fe03b9d825b428c9c4eb)] -> xpath: //div[@class='product-image-wrapper']/div/div/p], [[ChromeDriver: chrome on windows (35759f917802fe03b9d825b428c9c4eb)] -> xpath: //div[@class='product-image-wrapper']/div/div/p], [[ChromeDriver: chrome on windows (35759f917802fe03b9d825b428c9c4eb)] -> xpath: //div[@class='product-image-wrapper']/div/div/p], [[ChromeDriver: chrome on windows (35759f917802fe03b9d825b428c9c4eb)] -> xpath: //div[@class='product-image-wrapper']/div/div/p], [[ChromeDriver: chrome on windows (35759f917802fe03b9d825b428c9c4eb)] -> xpath: //div[@class='product-image-wrapper']/div/div/p], [[ChromeDriver: chrome on windows (35759f917802fe03b9d825b428c9c4eb)] -> xpath: //div[@class='product-image-wrapper']/div/div/p], [[ChromeDriver: chrome on windows (35759f917802fe03b9d825b428c9c4eb)] -> xpath: //div[@class='product-image-wrapper']/div/div/p], [[ChromeDriver: chrome on windows (35759f917802fe03b9d825b428c9c4eb)] -> xpath: //div[@class='product-image-wrapper']/div/div/p], [[ChromeDriver: chrome on windows (35759f917802fe03b9d825b428c9c4eb)] -> xpath: //div[@class='product-image-wrapper']/div/div/p], [[ChromeDriver: chrome on windows (35759f917802fe03b9d825b428c9c4eb)] -> xpath: //div[@class='product-image-wrapper']/div/div/p], [[ChromeDriver: chrome on windows (35759f917802fe03b9d825b428c9c4eb)] -> xpath: //div[@class='product-image-wrapper']/div/div/p], [[ChromeDriver: chrome on windows (35759f917802fe03b9d825b428c9c4eb)] -> xpath: //div[@class='product-image-wrapper']/div/div/p], [[ChromeDriver: chrome on windows (35759f917802fe03b9d825b428c9c4eb)] -> xpath: //div[@class='product-image-wrapper']/div/div/p], [[ChromeDriver: chrome on windows (35759f917802fe03b9d825b428c9c4eb)] -> xpath: //div[@class='product-image-wrapper']/div/div/p], [[ChromeDriver: chrome on windows (35759f917802fe03b9d825b428c9c4eb)] -> xpath: //div[@class='product-image-wrapper']/div/div/p], [[ChromeDriver: chrome on windows (35759f917802fe03b9d825b428c9c4eb)] -> xpath: //div[@class='product-image-wrapper']/div/div/p], [[ChromeDriver: chrome on windows (35759f917802fe03b9d825b428c9c4eb)] -> xpath: //div[@class='product-image-wrapper']/div/div/p], [[ChromeDriver: chrome on windows (35759f917802fe03b9d825b428c9c4eb)] -> xpath: //div[@class='product-image-wrapper']/div/div/p], [[ChromeDriver: chrome on windows (35759f917802fe03b9d825b428c9c4eb)] -> xpath: //div[@class='product-image-wrapper']/div/div/p], [[ChromeDriver: chrome on windows (35759f917802fe03b9d825b428c9c4eb)] -> xpath: //div[@class='product-image-wrapper']/div/div/p], [[ChromeDriver: chrome on windows (35759f917802fe03b9d825b428c9c4eb)] -> xpath: //div[@class='product-image-wrapper']/div/div/p], [[ChromeDriver: chrome on windows (35759f917802fe03b9d825b428c9c4eb)] -> xpath: //div[@class='product-image-wrapper']/div/div/p], [[ChromeDriver: chrome on windows (35759f917802fe03b9d825b428c9c4eb)] -> xpath: //div[@class='product-image-wrapper']/div/div/p], [[ChromeDriver: chrome on windows (35759f917802fe03b9d825b428c9c4eb)] -> xpath: //div[@class='product-image-wrapper']/div/div/p], [[ChromeDriver: chrome on windows (35759f917802fe03b9d825b428c9c4eb)] -> xpath: //div[@class='product-image-wrapper']/div/div/p], [[ChromeDriver: chrome on windows (35759f917802fe03b9d825b428c9c4eb)] -> xpath: //div[@class='product-image-wrapper']/div/div/p], [[ChromeDriver: chrome on windows (35759f917802fe03b9d825b428c9c4eb)] -> xpath: //div[@class='product-image-wrapper']/div/div/p], [[ChromeDriver: chrome on windows (35759f917802fe03b9d825b428c9c4eb)] -> xpath: //div[@class='product-image-wrapper']/div/div/p], [[ChromeDriver: chrome on windows (35759f917802fe03b9d825b428c9c4eb)] -> xpath: //div[@class='product-image-wrapper']/div/div/p], [[ChromeDriver: chrome on windows (35759f917802fe03b9d825b428c9c4eb)] -> xpath: //div[@class='product-image-wrapper']/div/div/p], [[ChromeDriver: chrome on windows (35759f917802fe03b9d825b428c9c4eb)] -> xpath: //div[@class='product-image-wrapper']/div/div/p], [[ChromeDriver: chrome on windows (35759f917802fe03b9d825b428c9c4eb)] -> xpath: //div[@class='product-image-wrapper']/div/div/p], [[ChromeDriver: chrome on windows (35759f917802fe03b9d825b428c9c4eb)] -> xpath: //div[@class='product-image-wrapper']/div/div/p], [[ChromeDriver: chrome on windows (35759f917802fe03b9d825b428c9c4eb)] -> xpath: //div[@class='product-image-wrapper']/div/div/p], [[ChromeDriver: chrome on windows (35759f917802fe03b9d825b428c9c4eb)] -> xpath: //div[@class='product-image-wrapper']/div/div/p]]
2024-01-02 00:01:163 INFO  ProductPage :163 - Click on Blue Top Add to Cart button : [[[ChromeDriver: chrome on windows (35759f917802fe03b9d825b428c9c4eb)] -> xpath: //div[@class='product-image-wrapper']/div/div/p], [[ChromeDriver: chrome on windows (35759f917802fe03b9d825b428c9c4eb)] -> xpath: //div[@class='product-image-wrapper']/div/div/p], [[ChromeDriver: chrome on windows (35759f917802fe03b9d825b428c9c4eb)] -> xpath: //div[@class='product-image-wrapper']/div/div/p], [[ChromeDriver: chrome on windows (35759f917802fe03b9d825b428c9c4eb)] -> xpath: //div[@class='product-image-wrapper']/div/div/p], [[ChromeDriver: chrome on windows (35759f917802fe03b9d825b428c9c4eb)] -> xpath: //div[@class='product-image-wrapper']/div/div/p], [[ChromeDriver: chrome on windows (35759f917802fe03b9d825b428c9c4eb)] -> xpath: //div[@class='product-image-wrapper']/div/div/p], [[ChromeDriver: chrome on windows (35759f917802fe03b9d825b428c9c4eb)] -> xpath: //div[@class='product-image-wrapper']/div/div/p], [[ChromeDriver: chrome on windows (35759f917802fe03b9d825b428c9c4eb)] -> xpath: //div[@class='product-image-wrapper']/div/div/p], [[ChromeDriver: chrome on windows (35759f917802fe03b9d825b428c9c4eb)] -> xpath: //div[@class='product-image-wrapper']/div/div/p], [[ChromeDriver: chrome on windows (35759f917802fe03b9d825b428c9c4eb)] -> xpath: //div[@class='product-image-wrapper']/div/div/p], [[ChromeDriver: chrome on windows (35759f917802fe03b9d825b428c9c4eb)] -> xpath: //div[@class='product-image-wrapper']/div/div/p], [[ChromeDriver: chrome on windows (35759f917802fe03b9d825b428c9c4eb)] -> xpath: //div[@class='product-image-wrapper']/div/div/p], [[ChromeDriver: chrome on windows (35759f917802fe03b9d825b428c9c4eb)] -> xpath: //div[@class='product-image-wrapper']/div/div/p], [[ChromeDriver: chrome on windows (35759f917802fe03b9d825b428c9c4eb)] -> xpath: //div[@class='product-image-wrapper']/div/div/p], [[ChromeDriver: chrome on windows (35759f917802fe03b9d825b428c9c4eb)] -> xpath: //div[@class='product-image-wrapper']/div/div/p], [[ChromeDriver: chrome on windows (35759f917802fe03b9d825b428c9c4eb)] -> xpath: //div[@class='product-image-wrapper']/div/div/p], [[ChromeDriver: chrome on windows (35759f917802fe03b9d825b428c9c4eb)] -> xpath: //div[@class='product-image-wrapper']/div/div/p], [[ChromeDriver: chrome on windows (35759f917802fe03b9d825b428c9c4eb)] -> xpath: //div[@class='product-image-wrapper']/div/div/p], [[ChromeDriver: chrome on windows (35759f917802fe03b9d825b428c9c4eb)] -> xpath: //div[@class='product-image-wrapper']/div/div/p], [[ChromeDriver: chrome on windows (35759f917802fe03b9d825b428c9c4eb)] -> xpath: //div[@class='product-image-wrapper']/div/div/p], [[ChromeDriver: chrome on windows (35759f917802fe03b9d825b428c9c4eb)] -> xpath: //div[@class='product-image-wrapper']/div/div/p], [[ChromeDriver: chrome on windows (35759f917802fe03b9d825b428c9c4eb)] -> xpath: //div[@class='product-image-wrapper']/div/div/p], [[ChromeDriver: chrome on windows (35759f917802fe03b9d825b428c9c4eb)] -> xpath: //div[@class='product-image-wrapper']/div/div/p], [[ChromeDriver: chrome on windows (35759f917802fe03b9d825b428c9c4eb)] -> xpath: //div[@class='product-image-wrapper']/div/div/p], [[ChromeDriver: chrome on windows (35759f917802fe03b9d825b428c9c4eb)] -> xpath: //div[@class='product-image-wrapper']/div/div/p], [[ChromeDriver: chrome on windows (35759f917802fe03b9d825b428c9c4eb)] -> xpath: //div[@class='product-image-wrapper']/div/div/p], [[ChromeDriver: chrome on windows (35759f917802fe03b9d825b428c9c4eb)] -> xpath: //div[@class='product-image-wrapper']/div/div/p], [[ChromeDriver: chrome on windows (35759f917802fe03b9d825b428c9c4eb)] -> xpath: //div[@class='product-image-wrapper']/div/div/p], [[ChromeDriver: chrome on windows (35759f917802fe03b9d825b428c9c4eb)] -> xpath: //div[@class='product-image-wrapper']/div/div/p], [[ChromeDriver: chrome on windows (35759f917802fe03b9d825b428c9c4eb)] -> xpath: //div[@class='product-image-wrapper']/div/div/p], [[ChromeDriver: chrome on windows (35759f917802fe03b9d825b428c9c4eb)] -> xpath: //div[@class='product-image-wrapper']/div/div/p], [[ChromeDriver: chrome on windows (35759f917802fe03b9d825b428c9c4eb)] -> xpath: //div[@class='product-image-wrapper']/div/div/p], [[ChromeDriver: chrome on windows (35759f917802fe03b9d825b428c9c4eb)] -> xpath: //div[@class='product-image-wrapper']/div/div/p], [[ChromeDriver: chrome on windows (35759f917802fe03b9d825b428c9c4eb)] -> xpath: //div[@class='product-image-wrapper']/div/div/p], [[ChromeDriver: chrome on windows (35759f917802fe03b9d825b428c9c4eb)] -> xpath: //div[@class='product-image-wrapper']/div/div/p], [[ChromeDriver: chrome on windows (35759f917802fe03b9d825b428c9c4eb)] -> xpath: //div[@class='product-image-wrapper']/div/div/p], [[ChromeDriver: chrome on windows (35759f917802fe03b9d825b428c9c4eb)] -> xpath: //div[@class='product-image-wrapper']/div/div/p], [[ChromeDriver: chrome on windows (35759f917802fe03b9d825b428c9c4eb)] -> xpath: //div[@class='product-image-wrapper']/div/div/p], [[ChromeDriver: chrome on windows (35759f917802fe03b9d825b428c9c4eb)] -> xpath: //div[@class='product-image-wrapper']/div/div/p], [[ChromeDriver: chrome on windows (35759f917802fe03b9d825b428c9c4eb)] -> xpath: //div[@class='product-image-wrapper']/div/div/p]]
2024-01-02 00:01:341 INFO  ProductPage :171 - Clicking on view cart link after adding product to the cart : [[ChromeDriver: chrome on windows (35759f917802fe03b9d825b428c9c4eb)] -> xpath: //u[normalize-space()='View Cart']]
2024-01-02 00:01:377 INFO  ShoppingCartPage :56 - Getting welcome text from shopping cart page : [[ChromeDriver: chrome on windows (35759f917802fe03b9d825b428c9c4eb)] -> xpath: //li[@class='active']]
2024-01-02 00:01:473 INFO  ShoppingCartPage :61 - Clicking on proceed to checkout button : [[ChromeDriver: chrome on windows (35759f917802fe03b9d825b428c9c4eb)] -> xpath: //a[normalize-space()='Proceed To Checkout']]
2024-01-02 00:01:765 INFO  SignupLoginPage :54 - Get New User Signup text : New User Signup!
2024-01-02 00:01:971 INFO  SignupLoginPage :60 - Enter Name : '[[ChromeDriver: chrome on windows (35759f917802fe03b9d825b428c9c4eb)] -> name: name]' to Name field
2024-01-02 00:01:52 INFO  SignupLoginPage :65 - Enter Email  : '[[ChromeDriver: chrome on windows (35759f917802fe03b9d825b428c9c4eb)] -> xpath: //input[@data-qa='signup-email']]' to Email Signup field
2024-01-02 00:01:55 INFO  SignupLoginPage :69 - Click on 'Signup' button
2024-01-02 00:01:04 INFO  EnterAccountInformationPage :95 - Get Enter Account Information text : ENTER ACCOUNT INFORMATION
2024-01-02 00:01:862 INFO  Homepage :95 - Navigating to current url
2024-01-02 00:01:544 INFO  Homepage :102 - verifying homepage url.
2024-01-02 00:01:384 INFO  Homepage :88 - hover to menu and click on element.
2024-01-02 00:01:425 INFO  SignupLoginPage :54 - Get New User Signup text : New User Signup!
2024-01-02 00:01:667 INFO  SignupLoginPage :60 - Enter Name : '[[ChromeDriver: chrome on windows (da274231c52e86e5b50b9b48bf0228b8)] -> name: name]' to Name field
2024-01-02 00:01:776 INFO  SignupLoginPage :65 - Enter Email  : '[[ChromeDriver: chrome on windows (da274231c52e86e5b50b9b48bf0228b8)] -> xpath: //input[@data-qa='signup-email']]' to Email Signup field
2024-01-02 00:01:778 INFO  SignupLoginPage :69 - Click on 'Signup' button
2024-01-02 00:01:376 INFO  EnterAccountInformationPage :95 - Get Enter Account Information text : ENTER ACCOUNT INFORMATION
2024-01-02 00:01:938 INFO  Homepage :95 - Navigating to current url
2024-01-02 00:01:253 INFO  Homepage :102 - verifying homepage url.
2024-01-02 00:01:629 INFO  Homepage :88 - hover to menu and click on element.
2024-01-02 00:01:673 INFO  SignupLoginPage :74 - Get Login to your account text : Login to your account
2024-01-02 00:01:02 INFO  SignupLoginPage :81 - Entering correct email address and password
2024-01-02 00:01:05 INFO  SignupLoginPage :85 - Click on 'Login' button
2024-01-02 00:01:912 INFO  Homepage :107 - Getting account created message: [[ChromeDriver: chrome on windows (2846d44f194290f5117b7ede26faad1f)] -> xpath: //a[contains(text(),' Logged in as ')]]
2024-01-02 00:01:157 INFO  ProductPage :156 - Hovering mouse over Blue Top : [[[ChromeDriver: chrome on windows (2846d44f194290f5117b7ede26faad1f)] -> xpath: //div[@class='product-image-wrapper']/div/div/p], [[ChromeDriver: chrome on windows (2846d44f194290f5117b7ede26faad1f)] -> xpath: //div[@class='product-image-wrapper']/div/div/p], [[ChromeDriver: chrome on windows (2846d44f194290f5117b7ede26faad1f)] -> xpath: //div[@class='product-image-wrapper']/div/div/p], [[ChromeDriver: chrome on windows (2846d44f194290f5117b7ede26faad1f)] -> xpath: //div[@class='product-image-wrapper']/div/div/p], [[ChromeDriver: chrome on windows (2846d44f194290f5117b7ede26faad1f)] -> xpath: //div[@class='product-image-wrapper']/div/div/p], [[ChromeDriver: chrome on windows (2846d44f194290f5117b7ede26faad1f)] -> xpath: //div[@class='product-image-wrapper']/div/div/p], [[ChromeDriver: chrome on windows (2846d44f194290f5117b7ede26faad1f)] -> xpath: //div[@class='product-image-wrapper']/div/div/p], [[ChromeDriver: chrome on windows (2846d44f194290f5117b7ede26faad1f)] -> xpath: //div[@class='product-image-wrapper']/div/div/p], [[ChromeDriver: chrome on windows (2846d44f194290f5117b7ede26faad1f)] -> xpath: //div[@class='product-image-wrapper']/div/div/p], [[ChromeDriver: chrome on windows (2846d44f194290f5117b7ede26faad1f)] -> xpath: //div[@class='product-image-wrapper']/div/div/p], [[ChromeDriver: chrome on windows (2846d44f194290f5117b7ede26faad1f)] -> xpath: //div[@class='product-image-wrapper']/div/div/p], [[ChromeDriver: chrome on windows (2846d44f194290f5117b7ede26faad1f)] -> xpath: //div[@class='product-image-wrapper']/div/div/p], [[ChromeDriver: chrome on windows (2846d44f194290f5117b7ede26faad1f)] -> xpath: //div[@class='product-image-wrapper']/div/div/p], [[ChromeDriver: chrome on windows (2846d44f194290f5117b7ede26faad1f)] -> xpath: //div[@class='product-image-wrapper']/div/div/p], [[ChromeDriver: chrome on windows (2846d44f194290f5117b7ede26faad1f)] -> xpath: //div[@class='product-image-wrapper']/div/div/p], [[ChromeDriver: chrome on windows (2846d44f194290f5117b7ede26faad1f)] -> xpath: //div[@class='product-image-wrapper']/div/div/p], [[ChromeDriver: chrome on windows (2846d44f194290f5117b7ede26faad1f)] -> xpath: //div[@class='product-image-wrapper']/div/div/p], [[ChromeDriver: chrome on windows (2846d44f194290f5117b7ede26faad1f)] -> xpath: //div[@class='product-image-wrapper']/div/div/p], [[ChromeDriver: chrome on windows (2846d44f194290f5117b7ede26faad1f)] -> xpath: //div[@class='product-image-wrapper']/div/div/p], [[ChromeDriver: chrome on windows (2846d44f194290f5117b7ede26faad1f)] -> xpath: //div[@class='product-image-wrapper']/div/div/p], [[ChromeDriver: chrome on windows (2846d44f194290f5117b7ede26faad1f)] -> xpath: //div[@class='product-image-wrapper']/div/div/p], [[ChromeDriver: chrome on windows (2846d44f194290f5117b7ede26faad1f)] -> xpath: //div[@class='product-image-wrapper']/div/div/p], [[ChromeDriver: chrome on windows (2846d44f194290f5117b7ede26faad1f)] -> xpath: //div[@class='product-image-wrapper']/div/div/p], [[ChromeDriver: chrome on windows (2846d44f194290f5117b7ede26faad1f)] -> xpath: //div[@class='product-image-wrapper']/div/div/p], [[ChromeDriver: chrome on windows (2846d44f194290f5117b7ede26faad1f)] -> xpath: //div[@class='product-image-wrapper']/div/div/p], [[ChromeDriver: chrome on windows (2846d44f194290f5117b7ede26faad1f)] -> xpath: //div[@class='product-image-wrapper']/div/div/p], [[ChromeDriver: chrome on windows (2846d44f194290f5117b7ede26faad1f)] -> xpath: //div[@class='product-image-wrapper']/div/div/p], [[ChromeDriver: chrome on windows (2846d44f194290f5117b7ede26faad1f)] -> xpath: //div[@class='product-image-wrapper']/div/div/p], [[ChromeDriver: chrome on windows (2846d44f194290f5117b7ede26faad1f)] -> xpath: //div[@class='product-image-wrapper']/div/div/p], [[ChromeDriver: chrome on windows (2846d44f194290f5117b7ede26faad1f)] -> xpath: //div[@class='product-image-wrapper']/div/div/p], [[ChromeDriver: chrome on windows (2846d44f194290f5117b7ede26faad1f)] -> xpath: //div[@class='product-image-wrapper']/div/div/p], [[ChromeDriver: chrome on windows (2846d44f194290f5117b7ede26faad1f)] -> xpath: //div[@class='product-image-wrapper']/div/div/p], [[ChromeDriver: chrome on windows (2846d44f194290f5117b7ede26faad1f)] -> xpath: //div[@class='product-image-wrapper']/div/div/p], [[ChromeDriver: chrome on windows (2846d44f194290f5117b7ede26faad1f)] -> xpath: //div[@class='product-image-wrapper']/div/div/p], [[ChromeDriver: chrome on windows (2846d44f194290f5117b7ede26faad1f)] -> xpath: //div[@class='product-image-wrapper']/div/div/p], [[ChromeDriver: chrome on windows (2846d44f194290f5117b7ede26faad1f)] -> xpath: //div[@class='product-image-wrapper']/div/div/p], [[ChromeDriver: chrome on windows (2846d44f194290f5117b7ede26faad1f)] -> xpath: //div[@class='product-image-wrapper']/div/div/p], [[ChromeDriver: chrome on windows (2846d44f194290f5117b7ede26faad1f)] -> xpath: //div[@class='product-image-wrapper']/div/div/p], [[ChromeDriver: chrome on windows (2846d44f194290f5117b7ede26faad1f)] -> xpath: //div[@class='product-image-wrapper']/div/div/p], [[ChromeDriver: chrome on windows (2846d44f194290f5117b7ede26faad1f)] -> xpath: //div[@class='product-image-wrapper']/div/div/p]]
2024-01-02 00:01:246 INFO  ProductPage :163 - Click on Blue Top Add to Cart button : [[[ChromeDriver: chrome on windows (2846d44f194290f5117b7ede26faad1f)] -> xpath: //div[@class='product-image-wrapper']/div/div/p], [[ChromeDriver: chrome on windows (2846d44f194290f5117b7ede26faad1f)] -> xpath: //div[@class='product-image-wrapper']/div/div/p], [[ChromeDriver: chrome on windows (2846d44f194290f5117b7ede26faad1f)] -> xpath: //div[@class='product-image-wrapper']/div/div/p], [[ChromeDriver: chrome on windows (2846d44f194290f5117b7ede26faad1f)] -> xpath: //div[@class='product-image-wrapper']/div/div/p], [[ChromeDriver: chrome on windows (2846d44f194290f5117b7ede26faad1f)] -> xpath: //div[@class='product-image-wrapper']/div/div/p], [[ChromeDriver: chrome on windows (2846d44f194290f5117b7ede26faad1f)] -> xpath: //div[@class='product-image-wrapper']/div/div/p], [[ChromeDriver: chrome on windows (2846d44f194290f5117b7ede26faad1f)] -> xpath: //div[@class='product-image-wrapper']/div/div/p], [[ChromeDriver: chrome on windows (2846d44f194290f5117b7ede26faad1f)] -> xpath: //div[@class='product-image-wrapper']/div/div/p], [[ChromeDriver: chrome on windows (2846d44f194290f5117b7ede26faad1f)] -> xpath: //div[@class='product-image-wrapper']/div/div/p], [[ChromeDriver: chrome on windows (2846d44f194290f5117b7ede26faad1f)] -> xpath: //div[@class='product-image-wrapper']/div/div/p], [[ChromeDriver: chrome on windows (2846d44f194290f5117b7ede26faad1f)] -> xpath: //div[@class='product-image-wrapper']/div/div/p], [[ChromeDriver: chrome on windows (2846d44f194290f5117b7ede26faad1f)] -> xpath: //div[@class='product-image-wrapper']/div/div/p], [[ChromeDriver: chrome on windows (2846d44f194290f5117b7ede26faad1f)] -> xpath: //div[@class='product-image-wrapper']/div/div/p], [[ChromeDriver: chrome on windows (2846d44f194290f5117b7ede26faad1f)] -> xpath: //div[@class='product-image-wrapper']/div/div/p], [[ChromeDriver: chrome on windows (2846d44f194290f5117b7ede26faad1f)] -> xpath: //div[@class='product-image-wrapper']/div/div/p], [[ChromeDriver: chrome on windows (2846d44f194290f5117b7ede26faad1f)] -> xpath: //div[@class='product-image-wrapper']/div/div/p], [[ChromeDriver: chrome on windows (2846d44f194290f5117b7ede26faad1f)] -> xpath: //div[@class='product-image-wrapper']/div/div/p], [[ChromeDriver: chrome on windows (2846d44f194290f5117b7ede26faad1f)] -> xpath: //div[@class='product-image-wrapper']/div/div/p], [[ChromeDriver: chrome on windows (2846d44f194290f5117b7ede26faad1f)] -> xpath: //div[@class='product-image-wrapper']/div/div/p], [[ChromeDriver: chrome on windows (2846d44f194290f5117b7ede26faad1f)] -> xpath: //div[@class='product-image-wrapper']/div/div/p], [[ChromeDriver: chrome on windows (2846d44f194290f5117b7ede26faad1f)] -> xpath: //div[@class='product-image-wrapper']/div/div/p], [[ChromeDriver: chrome on windows (2846d44f194290f5117b7ede26faad1f)] -> xpath: //div[@class='product-image-wrapper']/div/div/p], [[ChromeDriver: chrome on windows (2846d44f194290f5117b7ede26faad1f)] -> xpath: //div[@class='product-image-wrapper']/div/div/p], [[ChromeDriver: chrome on windows (2846d44f194290f5117b7ede26faad1f)] -> xpath: //div[@class='product-image-wrapper']/div/div/p], [[ChromeDriver: chrome on windows (2846d44f194290f5117b7ede26faad1f)] -> xpath: //div[@class='product-image-wrapper']/div/div/p], [[ChromeDriver: chrome on windows (2846d44f194290f5117b7ede26faad1f)] -> xpath: //div[@class='product-image-wrapper']/div/div/p], [[ChromeDriver: chrome on windows (2846d44f194290f5117b7ede26faad1f)] -> xpath: //div[@class='product-image-wrapper']/div/div/p], [[ChromeDriver: chrome on windows (2846d44f194290f5117b7ede26faad1f)] -> xpath: //div[@class='product-image-wrapper']/div/div/p], [[ChromeDriver: chrome on windows (2846d44f194290f5117b7ede26faad1f)] -> xpath: //div[@class='product-image-wrapper']/div/div/p], [[ChromeDriver: chrome on windows (2846d44f194290f5117b7ede26faad1f)] -> xpath: //div[@class='product-image-wrapper']/div/div/p], [[ChromeDriver: chrome on windows (2846d44f194290f5117b7ede26faad1f)] -> xpath: //div[@class='product-image-wrapper']/div/div/p], [[ChromeDriver: chrome on windows (2846d44f194290f5117b7ede26faad1f)] -> xpath: //div[@class='product-image-wrapper']/div/div/p], [[ChromeDriver: chrome on windows (2846d44f194290f5117b7ede26faad1f)] -> xpath: //div[@class='product-image-wrapper']/div/div/p], [[ChromeDriver: chrome on windows (2846d44f194290f5117b7ede26faad1f)] -> xpath: //div[@class='product-image-wrapper']/div/div/p], [[ChromeDriver: chrome on windows (2846d44f194290f5117b7ede26faad1f)] -> xpath: //div[@class='product-image-wrapper']/div/div/p], [[ChromeDriver: chrome on windows (2846d44f194290f5117b7ede26faad1f)] -> xpath: //div[@class='product-image-wrapper']/div/div/p], [[ChromeDriver: chrome on windows (2846d44f194290f5117b7ede26faad1f)] -> xpath: //div[@class='product-image-wrapper']/div/div/p], [[ChromeDriver: chrome on windows (2846d44f194290f5117b7ede26faad1f)] -> xpath: //div[@class='product-image-wrapper']/div/div/p], [[ChromeDriver: chrome on windows (2846d44f194290f5117b7ede26faad1f)] -> xpath: //div[@class='product-image-wrapper']/div/div/p], [[ChromeDriver: chrome on windows (2846d44f194290f5117b7ede26faad1f)] -> xpath: //div[@class='product-image-wrapper']/div/div/p]]
2024-01-02 00:01:351 INFO  ProductPage :171 - Clicking on view cart link after adding product to the cart : [[ChromeDriver: chrome on windows (2846d44f194290f5117b7ede26faad1f)] -> xpath: //u[normalize-space()='View Cart']]
2024-01-02 00:01:364 INFO  ShoppingCartPage :56 - Getting welcome text from shopping cart page : [[ChromeDriver: chrome on windows (2846d44f194290f5117b7ede26faad1f)] -> xpath: //li[@class='active']]
2024-01-02 00:01:477 INFO  ShoppingCartPage :61 - Clicking on proceed to checkout button : [[ChromeDriver: chrome on windows (2846d44f194290f5117b7ede26faad1f)] -> xpath: //a[normalize-space()='Proceed To Checkout']]
2024-01-02 00:01:502 INFO  CheckoutPage :44 - Getting Review Your Order : [[ChromeDriver: chrome on windows (2846d44f194290f5117b7ede26faad1f)] -> xpath: //h2[normalize-space()='Review Your Order']]
2024-01-02 00:01:529 INFO  CheckoutPage :41 - Getting Address Details : [[ChromeDriver: chrome on windows (2846d44f194290f5117b7ede26faad1f)] -> xpath: //h2[normalize-space()='Address Details']]
2024-01-02 00:01:714 INFO  CheckoutPage :52 - Sending text to comment area : [[ChromeDriver: chrome on windows (2846d44f194290f5117b7ede26faad1f)] -> xpath: //textarea[@name='message']]
2024-01-02 00:01:758 INFO  CheckoutPage :57 - Clicking on place on order: [[ChromeDriver: chrome on windows (2846d44f194290f5117b7ede26faad1f)] -> xpath: //a[contains(text() , 'Place Order')]]
2024-01-02 00:01:253 INFO  PaymentPage :60 - Sending Creative Tester to Name on Card field : [[ChromeDriver: chrome on windows (2846d44f194290f5117b7ede26faad1f)] -> xpath: //input[@name='name_on_card']]
2024-01-02 00:01:325 INFO  PaymentPage :62 - Sending 4263982640269277 to Card Number : [[ChromeDriver: chrome on windows (2846d44f194290f5117b7ede26faad1f)] -> xpath: //input[@name='card_number']]
2024-01-02 00:01:379 INFO  PaymentPage :64 - Sending 567 to CVC field : [[ChromeDriver: chrome on windows (2846d44f194290f5117b7ede26faad1f)] -> xpath: //input[@placeholder='ex. 311']]
2024-01-02 00:01:434 INFO  PaymentPage :66 - Sending 03 to Month field : [[ChromeDriver: chrome on windows (2846d44f194290f5117b7ede26faad1f)] -> xpath: //input[@placeholder='MM']]
2024-01-02 00:01:513 INFO  PaymentPage :68 - Sending 2025 to Year field : [[ChromeDriver: chrome on windows (2846d44f194290f5117b7ede26faad1f)] -> xpath: //input[@placeholder='YYYY']]
2024-01-02 00:01:974 INFO  PaymentPage :72 - Clicking on Pay and Confirm Order button : [[ChromeDriver: chrome on windows (2846d44f194290f5117b7ede26faad1f)] -> xpath: //button[@id='submit']]
2024-01-02 00:01:999 INFO  PaymentPage :76 - Getting order confirmation message : [[ChromeDriver: chrome on windows (2846d44f194290f5117b7ede26faad1f)] -> xpath: //p[normalize-space()='Congratulations! Your order has been confirmed!']]
2024-01-02 00:01:910 INFO  Homepage :95 - Navigating to current url
2024-01-02 00:01:656 INFO  Homepage :102 - verifying homepage url.
2024-01-02 00:01:621 INFO  Homepage :88 - hover to menu and click on element.
2024-01-02 00:01:652 INFO  SignupLoginPage :54 - Get New User Signup text : New User Signup!
2024-01-02 00:01:984 INFO  SignupLoginPage :60 - Enter Name : '[[ChromeDriver: chrome on windows (52fa71a98727335626e0231985dc7261)] -> name: name]' to Name field
2024-01-02 00:01:108 INFO  SignupLoginPage :65 - Enter Email  : '[[ChromeDriver: chrome on windows (52fa71a98727335626e0231985dc7261)] -> xpath: //input[@data-qa='signup-email']]' to Email Signup field
2024-01-02 00:01:110 INFO  SignupLoginPage :69 - Click on 'Signup' button
2024-01-02 00:01:553 INFO  EnterAccountInformationPage :95 - Get Enter Account Information text : ENTER ACCOUNT INFORMATION
2024-01-02 00:01:571 INFO  Homepage :95 - Navigating to current url
2024-01-02 00:01:974 INFO  Homepage :102 - verifying homepage url.
2024-01-02 00:01:936 INFO  Homepage :88 - hover to menu and click on element.
2024-01-02 00:01:245 INFO  SignupLoginPage :54 - Get New User Signup text : New User Signup!
2024-01-02 00:01:331 INFO  SignupLoginPage :60 - Enter Name : '[[ChromeDriver: chrome on windows (ff3b08b4a381023458921cc0550f3090)] -> name: name]' to Name field
2024-01-02 00:01:403 INFO  SignupLoginPage :65 - Enter Email  : '[[ChromeDriver: chrome on windows (ff3b08b4a381023458921cc0550f3090)] -> xpath: //input[@data-qa='signup-email']]' to Email Signup field
2024-01-02 00:01:405 INFO  SignupLoginPage :69 - Click on 'Signup' button
2024-01-02 00:01:00 INFO  EnterAccountInformationPage :95 - Get Enter Account Information text : ENTER ACCOUNT INFORMATION
2024-01-02 00:01:657 INFO  Homepage :95 - Navigating to current url
2024-01-02 00:01:88 INFO  Homepage :102 - verifying homepage url.
2024-01-02 00:01:71 INFO  ProductPage :111 - Getting All Products Text: [[ChromeDriver: chrome on windows (dfe21a0242ca91731ae0494d3546c6b5)] -> xpath: //h2[normalize-space()='All Products']]
2024-01-02 00:01:845 INFO  ProductPage :129 - Clicking on first product: [[ChromeDriver: chrome on windows (dfe21a0242ca91731ae0494d3546c6b5)] -> css selector: a[href='/product_details/1']]
2024-01-02 00:01:854 INFO  ProductDetailsPage :75 - Getting Product Details Page URL : 
2024-01-02 00:01:913 INFO  ProductDetailsPage :81 - Getting product name : [[ChromeDriver: chrome on windows (dfe21a0242ca91731ae0494d3546c6b5)] -> xpath: //div[@class = 'product-details']/div[2]/div/h2]
2024-01-02 00:01:955 INFO  ProductDetailsPage :86 - Getting product category : [[ChromeDriver: chrome on windows (dfe21a0242ca91731ae0494d3546c6b5)] -> xpath: //div[@class = 'product-information']/p[1]]
2024-01-02 00:01:988 INFO  ProductDetailsPage :91 - Getting product price : [[ChromeDriver: chrome on windows (dfe21a0242ca91731ae0494d3546c6b5)] -> xpath: //div[@class = 'product-information']/span/span]
2024-01-02 00:01:12 INFO  ProductDetailsPage :96 - Getting product availability : [[ChromeDriver: chrome on windows (dfe21a0242ca91731ae0494d3546c6b5)] -> xpath: //div[@class = 'product-information']/p[2]]
2024-01-02 00:01:33 INFO  ProductDetailsPage :101 - Getting product condition : [[ChromeDriver: chrome on windows (dfe21a0242ca91731ae0494d3546c6b5)] -> xpath: //div[@class = 'product-information']/p[3]]
2024-01-02 00:01:55 INFO  ProductDetailsPage :106 - Getting product brand : [[ChromeDriver: chrome on windows (dfe21a0242ca91731ae0494d3546c6b5)] -> xpath: //div[@class = 'product-information']/p[4]]
2024-01-02 00:01:525 INFO  Homepage :95 - Navigating to current url
2024-01-02 00:01:856 INFO  Homepage :102 - verifying homepage url.
2024-01-02 00:01:20 INFO  ProductPage :111 - Getting All Products Text: [[ChromeDriver: chrome on windows (1ab647e432143819187fedd75d13e9b3)] -> xpath: //h2[normalize-space()='All Products']]
2024-01-02 00:01:338 INFO  ProductPage :134 - Sending Soft Stretch Jeans to search bar : [[ChromeDriver: chrome on windows (1ab647e432143819187fedd75d13e9b3)] -> xpath: //input[@id='search_product']]
2024-01-02 00:01:612 INFO  ProductPage :139 - Clicking on the search button : [[ChromeDriver: chrome on windows (1ab647e432143819187fedd75d13e9b3)] -> xpath: //i[@class='fa fa-search']]
2024-01-02 00:01:632 INFO  ProductPage :143 - Getting Searched Products text : [[ChromeDriver: chrome on windows (1ab647e432143819187fedd75d13e9b3)] -> xpath: //h2[normalize-space()='Searched Products']]
2024-01-02 00:01:662 INFO  ProductPage :148 - Getting Searched Product name : [[ChromeDriver: chrome on windows (1ab647e432143819187fedd75d13e9b3)] -> xpath: //div[@class = 'single-products']/div/p]
2024-01-02 00:01:401 INFO  Homepage :95 - Navigating to current url
2024-01-02 00:01:546 INFO  Homepage :102 - verifying homepage url.
2024-01-02 00:01:208 INFO  ProductPage :156 - Hovering mouse over Men Tshirt : [[[ChromeDriver: chrome on windows (6454c74b0c4ecc1ad97e560d7cbfe48c)] -> xpath: //div[@class='product-image-wrapper']/div/div/p], [[ChromeDriver: chrome on windows (6454c74b0c4ecc1ad97e560d7cbfe48c)] -> xpath: //div[@class='product-image-wrapper']/div/div/p], [[ChromeDriver: chrome on windows (6454c74b0c4ecc1ad97e560d7cbfe48c)] -> xpath: //div[@class='product-image-wrapper']/div/div/p], [[ChromeDriver: chrome on windows (6454c74b0c4ecc1ad97e560d7cbfe48c)] -> xpath: //div[@class='product-image-wrapper']/div/div/p], [[ChromeDriver: chrome on windows (6454c74b0c4ecc1ad97e560d7cbfe48c)] -> xpath: //div[@class='product-image-wrapper']/div/div/p], [[ChromeDriver: chrome on windows (6454c74b0c4ecc1ad97e560d7cbfe48c)] -> xpath: //div[@class='product-image-wrapper']/div/div/p], [[ChromeDriver: chrome on windows (6454c74b0c4ecc1ad97e560d7cbfe48c)] -> xpath: //div[@class='product-image-wrapper']/div/div/p], [[ChromeDriver: chrome on windows (6454c74b0c4ecc1ad97e560d7cbfe48c)] -> xpath: //div[@class='product-image-wrapper']/div/div/p], [[ChromeDriver: chrome on windows (6454c74b0c4ecc1ad97e560d7cbfe48c)] -> xpath: //div[@class='product-image-wrapper']/div/div/p], [[ChromeDriver: chrome on windows (6454c74b0c4ecc1ad97e560d7cbfe48c)] -> xpath: //div[@class='product-image-wrapper']/div/div/p], [[ChromeDriver: chrome on windows (6454c74b0c4ecc1ad97e560d7cbfe48c)] -> xpath: //div[@class='product-image-wrapper']/div/div/p], [[ChromeDriver: chrome on windows (6454c74b0c4ecc1ad97e560d7cbfe48c)] -> xpath: //div[@class='product-image-wrapper']/div/div/p], [[ChromeDriver: chrome on windows (6454c74b0c4ecc1ad97e560d7cbfe48c)] -> xpath: //div[@class='product-image-wrapper']/div/div/p], [[ChromeDriver: chrome on windows (6454c74b0c4ecc1ad97e560d7cbfe48c)] -> xpath: //div[@class='product-image-wrapper']/div/div/p], [[ChromeDriver: chrome on windows (6454c74b0c4ecc1ad97e560d7cbfe48c)] -> xpath: //div[@class='product-image-wrapper']/div/div/p], [[ChromeDriver: chrome on windows (6454c74b0c4ecc1ad97e560d7cbfe48c)] -> xpath: //div[@class='product-image-wrapper']/div/div/p], [[ChromeDriver: chrome on windows (6454c74b0c4ecc1ad97e560d7cbfe48c)] -> xpath: //div[@class='product-image-wrapper']/div/div/p], [[ChromeDriver: chrome on windows (6454c74b0c4ecc1ad97e560d7cbfe48c)] -> xpath: //div[@class='product-image-wrapper']/div/div/p], [[ChromeDriver: chrome on windows (6454c74b0c4ecc1ad97e560d7cbfe48c)] -> xpath: //div[@class='product-image-wrapper']/div/div/p], [[ChromeDriver: chrome on windows (6454c74b0c4ecc1ad97e560d7cbfe48c)] -> xpath: //div[@class='product-image-wrapper']/div/div/p], [[ChromeDriver: chrome on windows (6454c74b0c4ecc1ad97e560d7cbfe48c)] -> xpath: //div[@class='product-image-wrapper']/div/div/p], [[ChromeDriver: chrome on windows (6454c74b0c4ecc1ad97e560d7cbfe48c)] -> xpath: //div[@class='product-image-wrapper']/div/div/p], [[ChromeDriver: chrome on windows (6454c74b0c4ecc1ad97e560d7cbfe48c)] -> xpath: //div[@class='product-image-wrapper']/div/div/p], [[ChromeDriver: chrome on windows (6454c74b0c4ecc1ad97e560d7cbfe48c)] -> xpath: //div[@class='product-image-wrapper']/div/div/p], [[ChromeDriver: chrome on windows (6454c74b0c4ecc1ad97e560d7cbfe48c)] -> xpath: //div[@class='product-image-wrapper']/div/div/p], [[ChromeDriver: chrome on windows (6454c74b0c4ecc1ad97e560d7cbfe48c)] -> xpath: //div[@class='product-image-wrapper']/div/div/p], [[ChromeDriver: chrome on windows (6454c74b0c4ecc1ad97e560d7cbfe48c)] -> xpath: //div[@class='product-image-wrapper']/div/div/p], [[ChromeDriver: chrome on windows (6454c74b0c4ecc1ad97e560d7cbfe48c)] -> xpath: //div[@class='product-image-wrapper']/div/div/p], [[ChromeDriver: chrome on windows (6454c74b0c4ecc1ad97e560d7cbfe48c)] -> xpath: //div[@class='product-image-wrapper']/div/div/p], [[ChromeDriver: chrome on windows (6454c74b0c4ecc1ad97e560d7cbfe48c)] -> xpath: //div[@class='product-image-wrapper']/div/div/p], [[ChromeDriver: chrome on windows (6454c74b0c4ecc1ad97e560d7cbfe48c)] -> xpath: //div[@class='product-image-wrapper']/div/div/p], [[ChromeDriver: chrome on windows (6454c74b0c4ecc1ad97e560d7cbfe48c)] -> xpath: //div[@class='product-image-wrapper']/div/div/p], [[ChromeDriver: chrome on windows (6454c74b0c4ecc1ad97e560d7cbfe48c)] -> xpath: //div[@class='product-image-wrapper']/div/div/p], [[ChromeDriver: chrome on windows (6454c74b0c4ecc1ad97e560d7cbfe48c)] -> xpath: //div[@class='product-image-wrapper']/div/div/p], [[ChromeDriver: chrome on windows (6454c74b0c4ecc1ad97e560d7cbfe48c)] -> xpath: //div[@class='product-image-wrapper']/div/div/p], [[ChromeDriver: chrome on windows (6454c74b0c4ecc1ad97e560d7cbfe48c)] -> xpath: //div[@class='product-image-wrapper']/div/div/p], [[ChromeDriver: chrome on windows (6454c74b0c4ecc1ad97e560d7cbfe48c)] -> xpath: //div[@class='product-image-wrapper']/div/div/p], [[ChromeDriver: chrome on windows (6454c74b0c4ecc1ad97e560d7cbfe48c)] -> xpath: //div[@class='product-image-wrapper']/div/div/p], [[ChromeDriver: chrome on windows (6454c74b0c4ecc1ad97e560d7cbfe48c)] -> xpath: //div[@class='product-image-wrapper']/div/div/p], [[ChromeDriver: chrome on windows (6454c74b0c4ecc1ad97e560d7cbfe48c)] -> xpath: //div[@class='product-image-wrapper']/div/div/p]]
2024-01-02 00:01:394 INFO  ProductPage :163 - Click on Men Tshirt Add to Cart button : [[[ChromeDriver: chrome on windows (6454c74b0c4ecc1ad97e560d7cbfe48c)] -> xpath: //div[@class='product-image-wrapper']/div/div/p], [[ChromeDriver: chrome on windows (6454c74b0c4ecc1ad97e560d7cbfe48c)] -> xpath: //div[@class='product-image-wrapper']/div/div/p], [[ChromeDriver: chrome on windows (6454c74b0c4ecc1ad97e560d7cbfe48c)] -> xpath: //div[@class='product-image-wrapper']/div/div/p], [[ChromeDriver: chrome on windows (6454c74b0c4ecc1ad97e560d7cbfe48c)] -> xpath: //div[@class='product-image-wrapper']/div/div/p], [[ChromeDriver: chrome on windows (6454c74b0c4ecc1ad97e560d7cbfe48c)] -> xpath: //div[@class='product-image-wrapper']/div/div/p], [[ChromeDriver: chrome on windows (6454c74b0c4ecc1ad97e560d7cbfe48c)] -> xpath: //div[@class='product-image-wrapper']/div/div/p], [[ChromeDriver: chrome on windows (6454c74b0c4ecc1ad97e560d7cbfe48c)] -> xpath: //div[@class='product-image-wrapper']/div/div/p], [[ChromeDriver: chrome on windows (6454c74b0c4ecc1ad97e560d7cbfe48c)] -> xpath: //div[@class='product-image-wrapper']/div/div/p], [[ChromeDriver: chrome on windows (6454c74b0c4ecc1ad97e560d7cbfe48c)] -> xpath: //div[@class='product-image-wrapper']/div/div/p], [[ChromeDriver: chrome on windows (6454c74b0c4ecc1ad97e560d7cbfe48c)] -> xpath: //div[@class='product-image-wrapper']/div/div/p], [[ChromeDriver: chrome on windows (6454c74b0c4ecc1ad97e560d7cbfe48c)] -> xpath: //div[@class='product-image-wrapper']/div/div/p], [[ChromeDriver: chrome on windows (6454c74b0c4ecc1ad97e560d7cbfe48c)] -> xpath: //div[@class='product-image-wrapper']/div/div/p], [[ChromeDriver: chrome on windows (6454c74b0c4ecc1ad97e560d7cbfe48c)] -> xpath: //div[@class='product-image-wrapper']/div/div/p], [[ChromeDriver: chrome on windows (6454c74b0c4ecc1ad97e560d7cbfe48c)] -> xpath: //div[@class='product-image-wrapper']/div/div/p], [[ChromeDriver: chrome on windows (6454c74b0c4ecc1ad97e560d7cbfe48c)] -> xpath: //div[@class='product-image-wrapper']/div/div/p], [[ChromeDriver: chrome on windows (6454c74b0c4ecc1ad97e560d7cbfe48c)] -> xpath: //div[@class='product-image-wrapper']/div/div/p], [[ChromeDriver: chrome on windows (6454c74b0c4ecc1ad97e560d7cbfe48c)] -> xpath: //div[@class='product-image-wrapper']/div/div/p], [[ChromeDriver: chrome on windows (6454c74b0c4ecc1ad97e560d7cbfe48c)] -> xpath: //div[@class='product-image-wrapper']/div/div/p], [[ChromeDriver: chrome on windows (6454c74b0c4ecc1ad97e560d7cbfe48c)] -> xpath: //div[@class='product-image-wrapper']/div/div/p], [[ChromeDriver: chrome on windows (6454c74b0c4ecc1ad97e560d7cbfe48c)] -> xpath: //div[@class='product-image-wrapper']/div/div/p], [[ChromeDriver: chrome on windows (6454c74b0c4ecc1ad97e560d7cbfe48c)] -> xpath: //div[@class='product-image-wrapper']/div/div/p], [[ChromeDriver: chrome on windows (6454c74b0c4ecc1ad97e560d7cbfe48c)] -> xpath: //div[@class='product-image-wrapper']/div/div/p], [[ChromeDriver: chrome on windows (6454c74b0c4ecc1ad97e560d7cbfe48c)] -> xpath: //div[@class='product-image-wrapper']/div/div/p], [[ChromeDriver: chrome on windows (6454c74b0c4ecc1ad97e560d7cbfe48c)] -> xpath: //div[@class='product-image-wrapper']/div/div/p], [[ChromeDriver: chrome on windows (6454c74b0c4ecc1ad97e560d7cbfe48c)] -> xpath: //div[@class='product-image-wrapper']/div/div/p], [[ChromeDriver: chrome on windows (6454c74b0c4ecc1ad97e560d7cbfe48c)] -> xpath: //div[@class='product-image-wrapper']/div/div/p], [[ChromeDriver: chrome on windows (6454c74b0c4ecc1ad97e560d7cbfe48c)] -> xpath: //div[@class='product-image-wrapper']/div/div/p], [[ChromeDriver: chrome on windows (6454c74b0c4ecc1ad97e560d7cbfe48c)] -> xpath: //div[@class='product-image-wrapper']/div/div/p], [[ChromeDriver: chrome on windows (6454c74b0c4ecc1ad97e560d7cbfe48c)] -> xpath: //div[@class='product-image-wrapper']/div/div/p], [[ChromeDriver: chrome on windows (6454c74b0c4ecc1ad97e560d7cbfe48c)] -> xpath: //div[@class='product-image-wrapper']/div/div/p], [[ChromeDriver: chrome on windows (6454c74b0c4ecc1ad97e560d7cbfe48c)] -> xpath: //div[@class='product-image-wrapper']/div/div/p], [[ChromeDriver: chrome on windows (6454c74b0c4ecc1ad97e560d7cbfe48c)] -> xpath: //div[@class='product-image-wrapper']/div/div/p], [[ChromeDriver: chrome on windows (6454c74b0c4ecc1ad97e560d7cbfe48c)] -> xpath: //div[@class='product-image-wrapper']/div/div/p], [[ChromeDriver: chrome on windows (6454c74b0c4ecc1ad97e560d7cbfe48c)] -> xpath: //div[@class='product-image-wrapper']/div/div/p], [[ChromeDriver: chrome on windows (6454c74b0c4ecc1ad97e560d7cbfe48c)] -> xpath: //div[@class='product-image-wrapper']/div/div/p], [[ChromeDriver: chrome on windows (6454c74b0c4ecc1ad97e560d7cbfe48c)] -> xpath: //div[@class='product-image-wrapper']/div/div/p], [[ChromeDriver: chrome on windows (6454c74b0c4ecc1ad97e560d7cbfe48c)] -> xpath: //div[@class='product-image-wrapper']/div/div/p], [[ChromeDriver: chrome on windows (6454c74b0c4ecc1ad97e560d7cbfe48c)] -> xpath: //div[@class='product-image-wrapper']/div/div/p], [[ChromeDriver: chrome on windows (6454c74b0c4ecc1ad97e560d7cbfe48c)] -> xpath: //div[@class='product-image-wrapper']/div/div/p], [[ChromeDriver: chrome on windows (6454c74b0c4ecc1ad97e560d7cbfe48c)] -> xpath: //div[@class='product-image-wrapper']/div/div/p]]
2024-01-02 00:01:962 INFO  Homepage :95 - Navigating to current url
2024-01-02 00:01:394 INFO  Homepage :102 - verifying homepage url.
2024-01-02 00:01:444 INFO  ProductPage :197 - Clicking on blue top product: [[ChromeDriver: chrome on windows (f135bfc874b24f1639bd3ac6f4052dd6)] -> css selector: a[href='/product_details/1']]
2024-01-02 00:01:450 INFO  ProductDetailsPage :75 - Getting Product Details Page URL : 
2024-01-02 00:01:392 INFO  Homepage :95 - Navigating to current url
2024-01-02 00:01:666 INFO  Homepage :102 - verifying homepage url.
2024-01-02 00:01:922 INFO  ProductPage :156 - Hovering mouse over Blue Top : [[[ChromeDriver: chrome on windows (4e45d939cb6026263a4d88fca5817c18)] -> xpath: //div[@class='product-image-wrapper']/div/div/p], [[ChromeDriver: chrome on windows (4e45d939cb6026263a4d88fca5817c18)] -> xpath: //div[@class='product-image-wrapper']/div/div/p], [[ChromeDriver: chrome on windows (4e45d939cb6026263a4d88fca5817c18)] -> xpath: //div[@class='product-image-wrapper']/div/div/p], [[ChromeDriver: chrome on windows (4e45d939cb6026263a4d88fca5817c18)] -> xpath: //div[@class='product-image-wrapper']/div/div/p], [[ChromeDriver: chrome on windows (4e45d939cb6026263a4d88fca5817c18)] -> xpath: //div[@class='product-image-wrapper']/div/div/p], [[ChromeDriver: chrome on windows (4e45d939cb6026263a4d88fca5817c18)] -> xpath: //div[@class='product-image-wrapper']/div/div/p], [[ChromeDriver: chrome on windows (4e45d939cb6026263a4d88fca5817c18)] -> xpath: //div[@class='product-image-wrapper']/div/div/p], [[ChromeDriver: chrome on windows (4e45d939cb6026263a4d88fca5817c18)] -> xpath: //div[@class='product-image-wrapper']/div/div/p], [[ChromeDriver: chrome on windows (4e45d939cb6026263a4d88fca5817c18)] -> xpath: //div[@class='product-image-wrapper']/div/div/p], [[ChromeDriver: chrome on windows (4e45d939cb6026263a4d88fca5817c18)] -> xpath: //div[@class='product-image-wrapper']/div/div/p], [[ChromeDriver: chrome on windows (4e45d939cb6026263a4d88fca5817c18)] -> xpath: //div[@class='product-image-wrapper']/div/div/p], [[ChromeDriver: chrome on windows (4e45d939cb6026263a4d88fca5817c18)] -> xpath: //div[@class='product-image-wrapper']/div/div/p], [[ChromeDriver: chrome on windows (4e45d939cb6026263a4d88fca5817c18)] -> xpath: //div[@class='product-image-wrapper']/div/div/p], [[ChromeDriver: chrome on windows (4e45d939cb6026263a4d88fca5817c18)] -> xpath: //div[@class='product-image-wrapper']/div/div/p], [[ChromeDriver: chrome on windows (4e45d939cb6026263a4d88fca5817c18)] -> xpath: //div[@class='product-image-wrapper']/div/div/p], [[ChromeDriver: chrome on windows (4e45d939cb6026263a4d88fca5817c18)] -> xpath: //div[@class='product-image-wrapper']/div/div/p], [[ChromeDriver: chrome on windows (4e45d939cb6026263a4d88fca5817c18)] -> xpath: //div[@class='product-image-wrapper']/div/div/p], [[ChromeDriver: chrome on windows (4e45d939cb6026263a4d88fca5817c18)] -> xpath: //div[@class='product-image-wrapper']/div/div/p], [[ChromeDriver: chrome on windows (4e45d939cb6026263a4d88fca5817c18)] -> xpath: //div[@class='product-image-wrapper']/div/div/p], [[ChromeDriver: chrome on windows (4e45d939cb6026263a4d88fca5817c18)] -> xpath: //div[@class='product-image-wrapper']/div/div/p], [[ChromeDriver: chrome on windows (4e45d939cb6026263a4d88fca5817c18)] -> xpath: //div[@class='product-image-wrapper']/div/div/p], [[ChromeDriver: chrome on windows (4e45d939cb6026263a4d88fca5817c18)] -> xpath: //div[@class='product-image-wrapper']/div/div/p], [[ChromeDriver: chrome on windows (4e45d939cb6026263a4d88fca5817c18)] -> xpath: //div[@class='product-image-wrapper']/div/div/p], [[ChromeDriver: chrome on windows (4e45d939cb6026263a4d88fca5817c18)] -> xpath: //div[@class='product-image-wrapper']/div/div/p], [[ChromeDriver: chrome on windows (4e45d939cb6026263a4d88fca5817c18)] -> xpath: //div[@class='product-image-wrapper']/div/div/p], [[ChromeDriver: chrome on windows (4e45d939cb6026263a4d88fca5817c18)] -> xpath: //div[@class='product-image-wrapper']/div/div/p], [[ChromeDriver: chrome on windows (4e45d939cb6026263a4d88fca5817c18)] -> xpath: //div[@class='product-image-wrapper']/div/div/p], [[ChromeDriver: chrome on windows (4e45d939cb6026263a4d88fca5817c18)] -> xpath: //div[@class='product-image-wrapper']/div/div/p], [[ChromeDriver: chrome on windows (4e45d939cb6026263a4d88fca5817c18)] -> xpath: //div[@class='product-image-wrapper']/div/div/p], [[ChromeDriver: chrome on windows (4e45d939cb6026263a4d88fca5817c18)] -> xpath: //div[@class='product-image-wrapper']/div/div/p], [[ChromeDriver: chrome on windows (4e45d939cb6026263a4d88fca5817c18)] -> xpath: //div[@class='product-image-wrapper']/div/div/p], [[ChromeDriver: chrome on windows (4e45d939cb6026263a4d88fca5817c18)] -> xpath: //div[@class='product-image-wrapper']/div/div/p], [[ChromeDriver: chrome on windows (4e45d939cb6026263a4d88fca5817c18)] -> xpath: //div[@class='product-image-wrapper']/div/div/p], [[ChromeDriver: chrome on windows (4e45d939cb6026263a4d88fca5817c18)] -> xpath: //div[@class='product-image-wrapper']/div/div/p], [[ChromeDriver: chrome on windows (4e45d939cb6026263a4d88fca5817c18)] -> xpath: //div[@class='product-image-wrapper']/div/div/p], [[ChromeDriver: chrome on windows (4e45d939cb6026263a4d88fca5817c18)] -> xpath: //div[@class='product-image-wrapper']/div/div/p], [[ChromeDriver: chrome on windows (4e45d939cb6026263a4d88fca5817c18)] -> xpath: //div[@class='product-image-wrapper']/div/div/p], [[ChromeDriver: chrome on windows (4e45d939cb6026263a4d88fca5817c18)] -> xpath: //div[@class='product-image-wrapper']/div/div/p], [[ChromeDriver: chrome on windows (4e45d939cb6026263a4d88fca5817c18)] -> xpath: //div[@class='product-image-wrapper']/div/div/p], [[ChromeDriver: chrome on windows (4e45d939cb6026263a4d88fca5817c18)] -> xpath: //div[@class='product-image-wrapper']/div/div/p]]
2024-01-02 00:01:62 INFO  ProductPage :163 - Click on Blue Top Add to Cart button : [[[ChromeDriver: chrome on windows (4e45d939cb6026263a4d88fca5817c18)] -> xpath: //div[@class='product-image-wrapper']/div/div/p], [[ChromeDriver: chrome on windows (4e45d939cb6026263a4d88fca5817c18)] -> xpath: //div[@class='product-image-wrapper']/div/div/p], [[ChromeDriver: chrome on windows (4e45d939cb6026263a4d88fca5817c18)] -> xpath: //div[@class='product-image-wrapper']/div/div/p], [[ChromeDriver: chrome on windows (4e45d939cb6026263a4d88fca5817c18)] -> xpath: //div[@class='product-image-wrapper']/div/div/p], [[ChromeDriver: chrome on windows (4e45d939cb6026263a4d88fca5817c18)] -> xpath: //div[@class='product-image-wrapper']/div/div/p], [[ChromeDriver: chrome on windows (4e45d939cb6026263a4d88fca5817c18)] -> xpath: //div[@class='product-image-wrapper']/div/div/p], [[ChromeDriver: chrome on windows (4e45d939cb6026263a4d88fca5817c18)] -> xpath: //div[@class='product-image-wrapper']/div/div/p], [[ChromeDriver: chrome on windows (4e45d939cb6026263a4d88fca5817c18)] -> xpath: //div[@class='product-image-wrapper']/div/div/p], [[ChromeDriver: chrome on windows (4e45d939cb6026263a4d88fca5817c18)] -> xpath: //div[@class='product-image-wrapper']/div/div/p], [[ChromeDriver: chrome on windows (4e45d939cb6026263a4d88fca5817c18)] -> xpath: //div[@class='product-image-wrapper']/div/div/p], [[ChromeDriver: chrome on windows (4e45d939cb6026263a4d88fca5817c18)] -> xpath: //div[@class='product-image-wrapper']/div/div/p], [[ChromeDriver: chrome on windows (4e45d939cb6026263a4d88fca5817c18)] -> xpath: //div[@class='product-image-wrapper']/div/div/p], [[ChromeDriver: chrome on windows (4e45d939cb6026263a4d88fca5817c18)] -> xpath: //div[@class='product-image-wrapper']/div/div/p], [[ChromeDriver: chrome on windows (4e45d939cb6026263a4d88fca5817c18)] -> xpath: //div[@class='product-image-wrapper']/div/div/p], [[ChromeDriver: chrome on windows (4e45d939cb6026263a4d88fca5817c18)] -> xpath: //div[@class='product-image-wrapper']/div/div/p], [[ChromeDriver: chrome on windows (4e45d939cb6026263a4d88fca5817c18)] -> xpath: //div[@class='product-image-wrapper']/div/div/p], [[ChromeDriver: chrome on windows (4e45d939cb6026263a4d88fca5817c18)] -> xpath: //div[@class='product-image-wrapper']/div/div/p], [[ChromeDriver: chrome on windows (4e45d939cb6026263a4d88fca5817c18)] -> xpath: //div[@class='product-image-wrapper']/div/div/p], [[ChromeDriver: chrome on windows (4e45d939cb6026263a4d88fca5817c18)] -> xpath: //div[@class='product-image-wrapper']/div/div/p], [[ChromeDriver: chrome on windows (4e45d939cb6026263a4d88fca5817c18)] -> xpath: //div[@class='product-image-wrapper']/div/div/p], [[ChromeDriver: chrome on windows (4e45d939cb6026263a4d88fca5817c18)] -> xpath: //div[@class='product-image-wrapper']/div/div/p], [[ChromeDriver: chrome on windows (4e45d939cb6026263a4d88fca5817c18)] -> xpath: //div[@class='product-image-wrapper']/div/div/p], [[ChromeDriver: chrome on windows (4e45d939cb6026263a4d88fca5817c18)] -> xpath: //div[@class='product-image-wrapper']/div/div/p], [[ChromeDriver: chrome on windows (4e45d939cb6026263a4d88fca5817c18)] -> xpath: //div[@class='product-image-wrapper']/div/div/p], [[ChromeDriver: chrome on windows (4e45d939cb6026263a4d88fca5817c18)] -> xpath: //div[@class='product-image-wrapper']/div/div/p], [[ChromeDriver: chrome on windows (4e45d939cb6026263a4d88fca5817c18)] -> xpath: //div[@class='product-image-wrapper']/div/div/p], [[ChromeDriver: chrome on windows (4e45d939cb6026263a4d88fca5817c18)] -> xpath: //div[@class='product-image-wrapper']/div/div/p], [[ChromeDriver: chrome on windows (4e45d939cb6026263a4d88fca5817c18)] -> xpath: //div[@class='product-image-wrapper']/div/div/p], [[ChromeDriver: chrome on windows (4e45d939cb6026263a4d88fca5817c18)] -> xpath: //div[@class='product-image-wrapper']/div/div/p], [[ChromeDriver: chrome on windows (4e45d939cb6026263a4d88fca5817c18)] -> xpath: //div[@class='product-image-wrapper']/div/div/p], [[ChromeDriver: chrome on windows (4e45d939cb6026263a4d88fca5817c18)] -> xpath: //div[@class='product-image-wrapper']/div/div/p], [[ChromeDriver: chrome on windows (4e45d939cb6026263a4d88fca5817c18)] -> xpath: //div[@class='product-image-wrapper']/div/div/p], [[ChromeDriver: chrome on windows (4e45d939cb6026263a4d88fca5817c18)] -> xpath: //div[@class='product-image-wrapper']/div/div/p], [[ChromeDriver: chrome on windows (4e45d939cb6026263a4d88fca5817c18)] -> xpath: //div[@class='product-image-wrapper']/div/div/p], [[ChromeDriver: chrome on windows (4e45d939cb6026263a4d88fca5817c18)] -> xpath: //div[@class='product-image-wrapper']/div/div/p], [[ChromeDriver: chrome on windows (4e45d939cb6026263a4d88fca5817c18)] -> xpath: //div[@class='product-image-wrapper']/div/div/p], [[ChromeDriver: chrome on windows (4e45d939cb6026263a4d88fca5817c18)] -> xpath: //div[@class='product-image-wrapper']/div/div/p], [[ChromeDriver: chrome on windows (4e45d939cb6026263a4d88fca5817c18)] -> xpath: //div[@class='product-image-wrapper']/div/div/p], [[ChromeDriver: chrome on windows (4e45d939cb6026263a4d88fca5817c18)] -> xpath: //div[@class='product-image-wrapper']/div/div/p], [[ChromeDriver: chrome on windows (4e45d939cb6026263a4d88fca5817c18)] -> xpath: //div[@class='product-image-wrapper']/div/div/p]]
2024-01-02 00:01:482 INFO  ProductPage :171 - Clicking on view cart link after adding product to the cart : [[ChromeDriver: chrome on windows (4e45d939cb6026263a4d88fca5817c18)] -> xpath: //u[normalize-space()='View Cart']]
2024-01-02 00:01:507 INFO  ShoppingCartPage :56 - Getting welcome text from shopping cart page : [[ChromeDriver: chrome on windows (4e45d939cb6026263a4d88fca5817c18)] -> xpath: //li[@class='active']]
2024-01-02 00:01:675 INFO  ShoppingCartPage :68 - Clicking on cross button to remove the product from cart : [[ChromeDriver: chrome on windows (4e45d939cb6026263a4d88fca5817c18)] -> xpath: //i[@class='fa fa-times']]
2024-01-02 00:01:700 INFO  ShoppingCartPage :71 - Getting empty cart text : [[ChromeDriver: chrome on windows (4e45d939cb6026263a4d88fca5817c18)] -> xpath: //b[normalize-space()='Cart is empty!']]
2024-01-02 00:01:59 INFO  Homepage :95 - Navigating to current url
2024-01-02 00:01:886 INFO  Homepage :102 - verifying homepage url.
2024-01-02 00:01:252 INFO  ProductPage :246 - Getting Sub Menu Page Title : [[ChromeDriver: chrome on windows (3600a48988f4658a590a498121bcee18)] -> xpath: //h2[@class = 'title text-center']]
2024-01-02 00:01:373 INFO  ProductPage :246 - Getting Sub Menu Page Title : [[ChromeDriver: chrome on windows (3600a48988f4658a590a498121bcee18)] -> xpath: //h2[@class = 'title text-center']]
2024-01-02 00:01:343 INFO  Homepage :95 - Navigating to current url
2024-01-02 00:01:286 INFO  Homepage :102 - verifying homepage url.
2024-01-02 00:01:644 INFO  ProductPage :246 - Getting Sub Menu Page Title : [[ChromeDriver: chrome on windows (eb616193e1e9f56959fcc38a2c5a9a8b)] -> xpath: //h2[@class = 'title text-center']]
2024-01-02 00:01:818 INFO  ProductPage :246 - Getting Sub Menu Page Title : [[ChromeDriver: chrome on windows (eb616193e1e9f56959fcc38a2c5a9a8b)] -> xpath: //h2[@class = 'title text-center']]
2024-01-02 00:01:499 INFO  Homepage :95 - Navigating to current url
2024-01-02 00:01:73 INFO  Homepage :102 - verifying homepage url.
2024-01-02 00:01:340 INFO  ProductPage :111 - Getting All Products Text: [[ChromeDriver: chrome on windows (ac39a8e194e586b3a80e76471e79ea58)] -> xpath: //h2[normalize-space()='All Products']]
2024-01-02 00:01:456 INFO  ProductPage :134 - Sending Men Tshirt to search bar : [[ChromeDriver: chrome on windows (ac39a8e194e586b3a80e76471e79ea58)] -> xpath: //input[@id='search_product']]
2024-01-02 00:01:206 INFO  ProductPage :139 - Clicking on the search button : [[ChromeDriver: chrome on windows (ac39a8e194e586b3a80e76471e79ea58)] -> xpath: //i[@class='fa fa-search']]
2024-01-02 00:01:232 INFO  ProductPage :143 - Getting Searched Products text : [[ChromeDriver: chrome on windows (ac39a8e194e586b3a80e76471e79ea58)] -> xpath: //h2[normalize-space()='Searched Products']]
2024-01-02 00:01:269 INFO  ProductPage :148 - Getting Searched Product name : [[ChromeDriver: chrome on windows (ac39a8e194e586b3a80e76471e79ea58)] -> xpath: //div[@class = 'single-products']/div/p]
2024-01-02 00:01:680 INFO  ProductPage :156 - Hovering mouse over Men Tshirt : [[[ChromeDriver: chrome on windows (ac39a8e194e586b3a80e76471e79ea58)] -> xpath: //div[@class='product-image-wrapper']/div/div/p]]
2024-01-02 00:01:826 INFO  ProductPage :163 - Click on Men Tshirt Add to Cart button : [[[ChromeDriver: chrome on windows (ac39a8e194e586b3a80e76471e79ea58)] -> xpath: //div[@class='product-image-wrapper']/div/div/p]]
2024-01-02 00:01:269 INFO  ProductPage :171 - Clicking on view cart link after adding product to the cart : [[ChromeDriver: chrome on windows (ac39a8e194e586b3a80e76471e79ea58)] -> xpath: //u[normalize-space()='View Cart']]
2024-01-02 00:01:312 INFO  ShoppingCartPage :45 - Getting Men Tshirt from shopping cart : [[[ChromeDriver: chrome on windows (ac39a8e194e586b3a80e76471e79ea58)] -> xpath: //td[@class = 'cart_description']/h4/a]]
2024-01-02 00:01:186 INFO  Homepage :88 - hover to menu and click on element.
2024-01-02 00:01:288 INFO  SignupLoginPage :74 - Get Login to your account text : Login to your account
2024-01-02 00:01:519 INFO  SignupLoginPage :81 - Entering correct email address and password
2024-01-02 00:01:521 INFO  SignupLoginPage :85 - Click on 'Login' button
2024-01-02 00:01:393 INFO  Homepage :88 - hover to menu and click on element.
2024-01-02 00:01:442 INFO  ShoppingCartPage :45 - Getting Men Tshirt from shopping cart : [[[ChromeDriver: chrome on windows (ac39a8e194e586b3a80e76471e79ea58)] -> xpath: //td[@class = 'cart_description']/h4/a], [[ChromeDriver: chrome on windows (ac39a8e194e586b3a80e76471e79ea58)] -> xpath: //td[@class = 'cart_description']/h4/a]]
2024-01-02 00:01:894 INFO  Homepage :95 - Navigating to current url
2024-01-02 00:01:572 INFO  Homepage :102 - verifying homepage url.
2024-01-02 00:01:14 INFO  ProductPage :111 - Getting All Products Text: [[ChromeDriver: chrome on windows (b7c03e28c17d4f44e2e068e0fb4cb4c9)] -> xpath: //h2[normalize-space()='All Products']]
2024-01-02 00:01:83 INFO  ProductPage :197 - Clicking on blue top product: [[ChromeDriver: chrome on windows (b7c03e28c17d4f44e2e068e0fb4cb4c9)] -> css selector: a[href='/product_details/1']]
2024-01-02 00:01:223 INFO  ProductDetailsPage :127 - Sending Virat to your name field : [[ChromeDriver: chrome on windows (b7c03e28c17d4f44e2e068e0fb4cb4c9)] -> id: name]
2024-01-02 00:01:308 INFO  ProductDetailsPage :132 - Sending creative1@gmail.co.uk to email field : [[ChromeDriver: chrome on windows (b7c03e28c17d4f44e2e068e0fb4cb4c9)] -> id: email]
2024-01-02 00:01:400 INFO  ProductDetailsPage :137 - Sending Item as expected to add review field : [[ChromeDriver: chrome on windows (b7c03e28c17d4f44e2e068e0fb4cb4c9)] -> id: review]
2024-01-02 00:01:475 INFO  ProductDetailsPage :142 - Clicking on the review submit button : [[ChromeDriver: chrome on windows (b7c03e28c17d4f44e2e068e0fb4cb4c9)] -> id: button-review]
2024-01-02 00:01:494 INFO  ProductDetailsPage :146 - Getting thank you for review message test : [[ChromeDriver: chrome on windows (b7c03e28c17d4f44e2e068e0fb4cb4c9)] -> xpath: //span[normalize-space()='Thank you for your review.']]
2024-01-02 00:01:210 INFO  Homepage :95 - Navigating to current url
2024-01-02 00:01:692 INFO  Homepage :102 - verifying homepage url.
2024-01-02 00:01:722 INFO  Homepage :154 - Scroll Down to recommended items
2024-01-02 00:01:775 INFO  Homepage :164 - Getting recommended items text : [[ChromeDriver: chrome on windows (80615f5b8a7e813d53a0d427afb7cf71)] -> xpath: //h2[normalize-space()='recommended items']]
2024-01-02 00:01:27 INFO  Homepage :172 - Click on Stylish Dress Add to Cart button : [[[ChromeDriver: chrome on windows (80615f5b8a7e813d53a0d427afb7cf71)] -> xpath: //div[@class='product-image-wrapper']/div/div/p], [[ChromeDriver: chrome on windows (80615f5b8a7e813d53a0d427afb7cf71)] -> xpath: //div[@class='product-image-wrapper']/div/div/p], [[ChromeDriver: chrome on windows (80615f5b8a7e813d53a0d427afb7cf71)] -> xpath: //div[@class='product-image-wrapper']/div/div/p], [[ChromeDriver: chrome on windows (80615f5b8a7e813d53a0d427afb7cf71)] -> xpath: //div[@class='product-image-wrapper']/div/div/p], [[ChromeDriver: chrome on windows (80615f5b8a7e813d53a0d427afb7cf71)] -> xpath: //div[@class='product-image-wrapper']/div/div/p], [[ChromeDriver: chrome on windows (80615f5b8a7e813d53a0d427afb7cf71)] -> xpath: //div[@class='product-image-wrapper']/div/div/p], [[ChromeDriver: chrome on windows (80615f5b8a7e813d53a0d427afb7cf71)] -> xpath: //div[@class='product-image-wrapper']/div/div/p], [[ChromeDriver: chrome on windows (80615f5b8a7e813d53a0d427afb7cf71)] -> xpath: //div[@class='product-image-wrapper']/div/div/p], [[ChromeDriver: chrome on windows (80615f5b8a7e813d53a0d427afb7cf71)] -> xpath: //div[@class='product-image-wrapper']/div/div/p], [[ChromeDriver: chrome on windows (80615f5b8a7e813d53a0d427afb7cf71)] -> xpath: //div[@class='product-image-wrapper']/div/div/p], [[ChromeDriver: chrome on windows (80615f5b8a7e813d53a0d427afb7cf71)] -> xpath: //div[@class='product-image-wrapper']/div/div/p], [[ChromeDriver: chrome on windows (80615f5b8a7e813d53a0d427afb7cf71)] -> xpath: //div[@class='product-image-wrapper']/div/div/p], [[ChromeDriver: chrome on windows (80615f5b8a7e813d53a0d427afb7cf71)] -> xpath: //div[@class='product-image-wrapper']/div/div/p], [[ChromeDriver: chrome on windows (80615f5b8a7e813d53a0d427afb7cf71)] -> xpath: //div[@class='product-image-wrapper']/div/div/p], [[ChromeDriver: chrome on windows (80615f5b8a7e813d53a0d427afb7cf71)] -> xpath: //div[@class='product-image-wrapper']/div/div/p], [[ChromeDriver: chrome on windows (80615f5b8a7e813d53a0d427afb7cf71)] -> xpath: //div[@class='product-image-wrapper']/div/div/p], [[ChromeDriver: chrome on windows (80615f5b8a7e813d53a0d427afb7cf71)] -> xpath: //div[@class='product-image-wrapper']/div/div/p], [[ChromeDriver: chrome on windows (80615f5b8a7e813d53a0d427afb7cf71)] -> xpath: //div[@class='product-image-wrapper']/div/div/p], [[ChromeDriver: chrome on windows (80615f5b8a7e813d53a0d427afb7cf71)] -> xpath: //div[@class='product-image-wrapper']/div/div/p], [[ChromeDriver: chrome on windows (80615f5b8a7e813d53a0d427afb7cf71)] -> xpath: //div[@class='product-image-wrapper']/div/div/p], [[ChromeDriver: chrome on windows (80615f5b8a7e813d53a0d427afb7cf71)] -> xpath: //div[@class='product-image-wrapper']/div/div/p], [[ChromeDriver: chrome on windows (80615f5b8a7e813d53a0d427afb7cf71)] -> xpath: //div[@class='product-image-wrapper']/div/div/p], [[ChromeDriver: chrome on windows (80615f5b8a7e813d53a0d427afb7cf71)] -> xpath: //div[@class='product-image-wrapper']/div/div/p], [[ChromeDriver: chrome on windows (80615f5b8a7e813d53a0d427afb7cf71)] -> xpath: //div[@class='product-image-wrapper']/div/div/p], [[ChromeDriver: chrome on windows (80615f5b8a7e813d53a0d427afb7cf71)] -> xpath: //div[@class='product-image-wrapper']/div/div/p], [[ChromeDriver: chrome on windows (80615f5b8a7e813d53a0d427afb7cf71)] -> xpath: //div[@class='product-image-wrapper']/div/div/p], [[ChromeDriver: chrome on windows (80615f5b8a7e813d53a0d427afb7cf71)] -> xpath: //div[@class='product-image-wrapper']/div/div/p], [[ChromeDriver: chrome on windows (80615f5b8a7e813d53a0d427afb7cf71)] -> xpath: //div[@class='product-image-wrapper']/div/div/p], [[ChromeDriver: chrome on windows (80615f5b8a7e813d53a0d427afb7cf71)] -> xpath: //div[@class='product-image-wrapper']/div/div/p], [[ChromeDriver: chrome on windows (80615f5b8a7e813d53a0d427afb7cf71)] -> xpath: //div[@class='product-image-wrapper']/div/div/p], [[ChromeDriver: chrome on windows (80615f5b8a7e813d53a0d427afb7cf71)] -> xpath: //div[@class='product-image-wrapper']/div/div/p], [[ChromeDriver: chrome on windows (80615f5b8a7e813d53a0d427afb7cf71)] -> xpath: //div[@class='product-image-wrapper']/div/div/p], [[ChromeDriver: chrome on windows (80615f5b8a7e813d53a0d427afb7cf71)] -> xpath: //div[@class='product-image-wrapper']/div/div/p], [[ChromeDriver: chrome on windows (80615f5b8a7e813d53a0d427afb7cf71)] -> xpath: //div[@class='product-image-wrapper']/div/div/p], [[ChromeDriver: chrome on windows (80615f5b8a7e813d53a0d427afb7cf71)] -> xpath: //div[@class='product-image-wrapper']/div/div/p], [[ChromeDriver: chrome on windows (80615f5b8a7e813d53a0d427afb7cf71)] -> xpath: //div[@class='product-image-wrapper']/div/div/p], [[ChromeDriver: chrome on windows (80615f5b8a7e813d53a0d427afb7cf71)] -> xpath: //div[@class='product-image-wrapper']/div/div/p], [[ChromeDriver: chrome on windows (80615f5b8a7e813d53a0d427afb7cf71)] -> xpath: //div[@class='product-image-wrapper']/div/div/p], [[ChromeDriver: chrome on windows (80615f5b8a7e813d53a0d427afb7cf71)] -> xpath: //div[@class='product-image-wrapper']/div/div/p], [[ChromeDriver: chrome on windows (80615f5b8a7e813d53a0d427afb7cf71)] -> xpath: //div[@class='product-image-wrapper']/div/div/p]]
2024-01-02 00:01:476 INFO  ProductPage :171 - Clicking on view cart link after adding product to the cart : [[ChromeDriver: chrome on windows (80615f5b8a7e813d53a0d427afb7cf71)] -> xpath: //u[normalize-space()='View Cart']]
2024-01-02 00:01:504 INFO  ShoppingCartPage :45 - Getting Stylish Dress from shopping cart : [[[ChromeDriver: chrome on windows (80615f5b8a7e813d53a0d427afb7cf71)] -> xpath: //td[@class = 'cart_description']/h4/a]]
2024-01-02 00:01:649 INFO  Homepage :95 - Navigating to current url
2024-01-02 00:01:48 INFO  Homepage :102 - verifying homepage url.
2024-01-02 00:01:307 INFO  Homepage :88 - hover to menu and click on element.
2024-01-02 00:01:334 INFO  SignupLoginPage :54 - Get New User Signup text : New User Signup!
2024-01-02 00:01:551 INFO  SignupLoginPage :60 - Enter Name : '[[ChromeDriver: chrome on windows (e158b57952187ea59f4c33830431a6dc)] -> name: name]' to Name field
2024-01-02 00:01:673 INFO  SignupLoginPage :65 - Enter Email  : '[[ChromeDriver: chrome on windows (e158b57952187ea59f4c33830431a6dc)] -> xpath: //input[@data-qa='signup-email']]' to Email Signup field
2024-01-02 00:01:676 INFO  SignupLoginPage :69 - Click on 'Signup' button
2024-01-02 00:01:896 INFO  EnterAccountInformationPage :95 - Get Enter Account Information text : ENTER ACCOUNT INFORMATION
2024-01-02 17:01:212 INFO  Homepage :95 - Navigating to current url
2024-01-02 17:01:327 INFO  Homepage :102 - verifying homepage url.
2024-01-02 17:01:954 INFO  Homepage :88 - hover to menu and click on element.
2024-01-02 17:01:990 INFO  ContactUsPage :53 - Getting get in touch message: [[ChromeDriver: chrome on windows (b3bafd4591609adad1e7606d467f2003)] -> xpath: //h2[normalize-space()='Get In Touch']]
2024-01-02 17:01:606 INFO  ContactUsPage :61 - Entering all field
2024-01-02 18:01:174 INFO  Homepage :95 - Navigating to current url
2024-01-02 18:01:938 INFO  Homepage :102 - verifying homepage url.
2024-01-02 18:01:786 INFO  Homepage :88 - hover to menu and click on element.
2024-01-02 18:01:808 INFO  ContactUsPage :53 - Getting get in touch message: [[ChromeDriver: chrome on windows (75c2bd1f7f48db3d2078c6ab0d9980ee)] -> xpath: //h2[normalize-space()='Get In Touch']]
2024-01-02 18:01:276 INFO  ContactUsPage :61 - Entering all field
