2024-01-02 18:01:161 INFO  Homepage :95 - Navigating to current url
2024-01-02 18:01:960 INFO  Homepage :102 - verifying homepage url.
2024-01-02 18:01:381 INFO  Homepage :88 - hover to menu and click on element.
2024-01-02 18:01:937 INFO  Homepage :18 - Getting Test Cases Text: [[ChromeDriver: chrome on windows (1e3f1ead4f5c1b453837c420badfed6d)] -> xpath: //b[normalize-space()='Test Cases']]
2024-01-02 18:01:145 INFO  Homepage :95 - Navigating to current url
2024-01-02 18:01:853 INFO  Homepage :102 - verifying homepage url.
2024-01-02 18:01:898 INFO  Homepage :128 - Scroll Down to Subscription
2024-01-02 18:01:985 INFO  Homepage :132 - Getting Subscription text : [[ChromeDriver: chrome on windows (12fd8a10eb56bd766fc2943092f39b7e)] -> xpath: //h2[normalize-space()='Subscription']]
2024-01-02 18:01:170 INFO  Homepage :138 - Sending creative1@gmail.com to subscription email field : [[ChromeDriver: chrome on windows (12fd8a10eb56bd766fc2943092f39b7e)] -> xpath: //input[@id='susbscribe_email']]
2024-01-02 18:01:234 INFO  Homepage :143 - Clicking on subscription arrow button : [[ChromeDriver: chrome on windows (12fd8a10eb56bd766fc2943092f39b7e)] -> xpath: //i[@class='fa fa-arrow-circle-o-right']]
2024-01-02 18:01:252 INFO  Homepage :147 - Getting subscription success message : [[ChromeDriver: chrome on windows (12fd8a10eb56bd766fc2943092f39b7e)] -> xpath: //div[@class='alert-success alert']]
2024-01-02 18:01:473 INFO  Homepage :95 - Navigating to current url
2024-01-02 18:01:887 INFO  Homepage :102 - verifying homepage url.
2024-01-02 18:01:952 INFO  Homepage :88 - hover to menu and click on element.
2024-01-02 18:01:151 INFO  Homepage :128 - Scroll Down to Subscription
2024-01-02 18:01:174 INFO  Homepage :132 - Getting Subscription text : [[ChromeDriver: chrome on windows (16d5ae4df29e340c483ed1589f20f512)] -> xpath: //h2[normalize-space()='Subscription']]
2024-01-02 18:01:299 INFO  Homepage :138 - Sending creative1@gmail.com to subscription email field : [[ChromeDriver: chrome on windows (16d5ae4df29e340c483ed1589f20f512)] -> xpath: //input[@id='susbscribe_email']]
2024-01-02 18:01:352 INFO  Homepage :143 - Clicking on subscription arrow button : [[ChromeDriver: chrome on windows (16d5ae4df29e340c483ed1589f20f512)] -> xpath: //i[@class='fa fa-arrow-circle-o-right']]
2024-01-02 18:01:375 INFO  Homepage :147 - Getting subscription success message : [[ChromeDriver: chrome on windows (16d5ae4df29e340c483ed1589f20f512)] -> xpath: //div[@class='alert-success alert']]
2024-01-02 18:01:799 INFO  Homepage :95 - Navigating to current url
2024-01-02 18:01:645 INFO  Homepage :102 - verifying homepage url.
2024-01-02 18:01:699 INFO  Homepage :128 - Scroll Down to Subscription
2024-01-02 18:01:771 INFO  Homepage :132 - Getting Subscription text : [[ChromeDriver: chrome on windows (ac6eaa4bb56b0b2fc0ad2c8f62abb1a9)] -> xpath: //h2[normalize-space()='Subscription']]
2024-01-02 18:01:849 INFO  Homepage :181 - Clicking on bottom right corner arrow button : [[ChromeDriver: chrome on windows (ac6eaa4bb56b0b2fc0ad2c8f62abb1a9)] -> xpath: //i[@class='fa fa-angle-up']]
2024-01-02 18:01:869 INFO  Homepage :185 - Getting full fledged text from top of the page : [[ChromeDriver: chrome on windows (ac6eaa4bb56b0b2fc0ad2c8f62abb1a9)] -> xpath: //div[@class='item active']//h2[contains(text(),'Full-Fledged practice website for Automation Engin')]]
2024-01-02 18:01:824 INFO  Homepage :95 - Navigating to current url
2024-01-02 18:01:521 INFO  Homepage :102 - verifying homepage url.
2024-01-02 18:01:559 INFO  Homepage :128 - Scroll Down to Subscription
2024-01-02 18:01:620 INFO  Homepage :132 - Getting Subscription text : [[ChromeDriver: chrome on windows (a0ef6782566fae0ff23c97aeabcf5f78)] -> xpath: //h2[normalize-space()='Subscription']]
2024-01-02 18:01:696 INFO  Homepage :160 - Scroll up to (0,0)
2024-01-02 18:01:722 INFO  Homepage :185 - Getting full fledged text from top of the page : [[ChromeDriver: chrome on windows (a0ef6782566fae0ff23c97aeabcf5f78)] -> xpath: //div[@class='item active']//h2[contains(text(),'Full-Fledged practice website for Automation Engin')]]
2024-01-02 18:01:480 INFO  Homepage :95 - Navigating to current url
2024-01-02 18:01:848 INFO  Homepage :102 - verifying homepage url.
2024-01-02 18:01:957 INFO  Homepage :88 - hover to menu and click on element.
2024-01-02 18:01:119 INFO  SignupLoginPage :74 - Get Login to your account text : Login to your account
2024-01-02 18:01:301 INFO  SignupLoginPage :81 - Entering correct email address and password
2024-01-02 18:01:304 INFO  SignupLoginPage :85 - Click on 'Login' button
2024-01-02 18:01:775 INFO  Homepage :107 - Getting account created message: Proxy element for: DefaultElementLocator 'By.xpath: //a[contains(text(),' Logged in as ')]'
2024-01-02 18:01:248 INFO  Homepage :95 - Navigating to current url
2024-01-02 18:01:69 INFO  Homepage :102 - verifying homepage url.
2024-01-02 18:01:167 INFO  Homepage :88 - hover to menu and click on element.
2024-01-02 18:01:424 INFO  SignupLoginPage :74 - Get Login to your account text : Login to your account
2024-01-02 18:01:599 INFO  SignupLoginPage :92 - Entering InCorrect email address and password
2024-01-02 18:01:606 INFO  SignupLoginPage :85 - Click on 'Login' button
2024-01-02 18:01:98 INFO  SignupLoginPage :96 - Get Your email or password is incorrect text : Your email or password is incorrect!
2024-01-02 18:01:936 INFO  Homepage :95 - Navigating to current url
2024-01-02 18:01:191 INFO  Homepage :102 - verifying homepage url.
2024-01-02 18:01:304 INFO  Homepage :88 - hover to menu and click on element.
2024-01-02 18:01:416 INFO  SignupLoginPage :74 - Get Login to your account text : Login to your account
2024-01-02 18:01:638 INFO  SignupLoginPage :81 - Entering correct email address and password
2024-01-02 18:01:641 INFO  SignupLoginPage :85 - Click on 'Login' button
2024-01-02 18:01:201 INFO  Homepage :107 - Getting account created message: [[ChromeDriver: chrome on windows (572667e1900e94da51b729a530967fb2)] -> xpath: //a[contains(text(),' Logged in as ')]]
2024-01-02 18:01:68 INFO  Homepage :118 - Clicking on Logout button: [[ChromeDriver: chrome on windows (572667e1900e94da51b729a530967fb2)] -> xpath: //a[normalize-space()='Logout']]
2024-01-02 18:01:98 INFO  SignupLoginPage :74 - Get Login to your account text : Login to your account
2024-01-02 18:01:517 INFO  Homepage :95 - Navigating to current url
2024-01-02 18:01:990 INFO  Homepage :102 - verifying homepage url.
2024-01-02 18:01:154 INFO  Homepage :88 - hover to menu and click on element.
2024-01-02 18:01:305 INFO  SignupLoginPage :54 - Get New User Signup text : New User Signup!
2024-01-02 18:01:421 INFO  SignupLoginPage :60 - Enter Name : '[[ChromeDriver: chrome on windows (adc039ea417e9084ffd60f9a95d80532)] -> name: name]' to Name field
2024-01-02 18:01:507 INFO  SignupLoginPage :65 - Enter Email  : '[[ChromeDriver: chrome on windows (adc039ea417e9084ffd60f9a95d80532)] -> xpath: //input[@data-qa='signup-email']]' to Email Signup field
2024-01-02 18:01:510 INFO  SignupLoginPage :69 - Click on 'Signup' button
2024-01-02 18:01:836 INFO  Homepage :95 - Navigating to current url
2024-01-02 18:01:390 INFO  Homepage :102 - verifying homepage url.
2024-01-02 18:01:46 INFO  Homepage :88 - hover to menu and click on element.
2024-01-02 18:01:89 INFO  SignupLoginPage :74 - Get Login to your account text : Login to your account
2024-01-02 18:01:452 INFO  SignupLoginPage :81 - Entering correct email address and password
2024-01-02 18:01:456 INFO  SignupLoginPage :85 - Click on 'Login' button
2024-01-02 18:01:266 INFO  Homepage :107 - Getting account created message: [[ChromeDriver: chrome on windows (45475b0290bbfd4ef70577994acc9863)] -> xpath: //a[contains(text(),' Logged in as ')]]
2024-01-02 18:01:414 INFO  Homepage :113 - Clicking on Delete Account button: [[ChromeDriver: chrome on windows (45475b0290bbfd4ef70577994acc9863)] -> xpath: //a[normalize-space()='Delete Account']]
2024-01-02 18:01:988 INFO  AccountRelatedPage :37 - Getting account deleted message: [[ChromeDriver: chrome on windows (45475b0290bbfd4ef70577994acc9863)] -> xpath: //b[normalize-space()='Account Deleted!']]
2024-01-02 18:01:992 INFO  AccountRelatedPage :34 - Clicking on continue button: [[ChromeDriver: chrome on windows (45475b0290bbfd4ef70577994acc9863)] -> xpath: //a[normalize-space()='Continue']]
2024-01-02 18:01:424 INFO  Homepage :95 - Navigating to current url
2024-01-02 18:01:983 INFO  Homepage :102 - verifying homepage url.
2024-01-02 18:01:523 INFO  Homepage :88 - hover to menu and click on element.
2024-01-02 18:01:561 INFO  SignupLoginPage :74 - Get Login to your account text : Login to your account
2024-01-02 18:01:857 INFO  SignupLoginPage :92 - Entering InCorrect email address and password
2024-01-02 18:01:860 INFO  SignupLoginPage :85 - Click on 'Login' button
2024-01-02 18:01:966 INFO  SignupLoginPage :96 - Get Your email or password is incorrect text : Your email or password is incorrect!
2024-01-02 18:01:397 INFO  Homepage :95 - Navigating to current url
2024-01-02 18:01:855 INFO  Homepage :102 - verifying homepage url.
2024-01-02 18:01:739 INFO  Homepage :88 - hover to menu and click on element.
2024-01-02 18:01:775 INFO  SignupLoginPage :74 - Get Login to your account text : Login to your account
2024-01-02 18:01:147 INFO  SignupLoginPage :81 - Entering correct email address and password
2024-01-02 18:01:150 INFO  SignupLoginPage :85 - Click on 'Login' button
2024-01-02 18:01:949 INFO  Homepage :107 - Getting account created message: Proxy element for: DefaultElementLocator 'By.xpath: //a[contains(text(),' Logged in as ')]'
2024-01-02 18:01:634 INFO  Homepage :95 - Navigating to current url
2024-01-02 18:01:311 INFO  Homepage :102 - verifying homepage url.
2024-01-02 18:01:335 INFO  Homepage :88 - hover to menu and click on element.
2024-01-02 18:01:372 INFO  SignupLoginPage :54 - Get New User Signup text : New User Signup!
2024-01-02 18:01:633 INFO  SignupLoginPage :60 - Enter Name : '[[ChromeDriver: chrome on windows (d3c9d729b9783c9e2d9209b94b3264ae)] -> name: name]' to Name field
2024-01-02 18:01:721 INFO  SignupLoginPage :65 - Enter Email  : '[[ChromeDriver: chrome on windows (d3c9d729b9783c9e2d9209b94b3264ae)] -> xpath: //input[@data-qa='signup-email']]' to Email Signup field
2024-01-02 18:01:727 INFO  SignupLoginPage :69 - Click on 'Signup' button
2024-01-02 18:01:538 INFO  Homepage :95 - Navigating to current url
2024-01-02 18:01:73 INFO  Homepage :102 - verifying homepage url.
2024-01-02 18:01:229 INFO  Homepage :88 - hover to menu and click on element.
2024-01-02 18:01:366 INFO  SignupLoginPage :74 - Get Login to your account text : Login to your account
2024-01-02 18:01:576 INFO  SignupLoginPage :92 - Entering InCorrect email address and password
2024-01-02 18:01:579 INFO  SignupLoginPage :85 - Click on 'Login' button
2024-01-02 18:01:259 INFO  SignupLoginPage :96 - Get Your email or password is incorrect text : Your email or password is incorrect!
2024-01-02 18:01:971 INFO  Homepage :95 - Navigating to current url
2024-01-02 18:01:385 INFO  Homepage :102 - verifying homepage url.
2024-01-02 18:01:226 INFO  Homepage :88 - hover to menu and click on element.
2024-01-02 18:01:263 INFO  SignupLoginPage :74 - Get Login to your account text : Login to your account
2024-01-02 18:01:545 INFO  SignupLoginPage :81 - Entering correct email address and password
2024-01-02 18:01:549 INFO  SignupLoginPage :85 - Click on 'Login' button
2024-01-02 18:01:517 INFO  Homepage :107 - Getting account created message: [[ChromeDriver: chrome on windows (f49f3d1cb5ed382370d190ebdc1d9ac5)] -> xpath: //a[contains(text(),' Logged in as ')]]
2024-01-02 18:01:412 INFO  Homepage :118 - Clicking on Logout button: [[ChromeDriver: chrome on windows (f49f3d1cb5ed382370d190ebdc1d9ac5)] -> xpath: //a[normalize-space()='Logout']]
2024-01-02 18:01:445 INFO  SignupLoginPage :74 - Get Login to your account text : Login to your account
2024-01-02 18:01:436 INFO  Homepage :95 - Navigating to current url
2024-01-02 18:01:862 INFO  Homepage :102 - verifying homepage url.
2024-01-02 18:01:479 INFO  Homepage :88 - hover to menu and click on element.
2024-01-02 18:01:519 INFO  SignupLoginPage :54 - Get New User Signup text : New User Signup!
2024-01-02 18:01:771 INFO  SignupLoginPage :60 - Enter Name : '[[ChromeDriver: chrome on windows (4c09ae304ff47998dd44a419ad84d394)] -> name: name]' to Name field
2024-01-02 18:01:863 INFO  SignupLoginPage :65 - Enter Email  : '[[ChromeDriver: chrome on windows (4c09ae304ff47998dd44a419ad84d394)] -> xpath: //input[@data-qa='signup-email']]' to Email Signup field
2024-01-02 18:01:866 INFO  SignupLoginPage :69 - Click on 'Signup' button
2024-01-02 18:01:825 INFO  Homepage :95 - Navigating to current url
2024-01-02 18:01:397 INFO  Homepage :102 - verifying homepage url.
2024-01-02 18:01:578 INFO  Homepage :88 - hover to menu and click on element.
2024-01-02 18:01:760 INFO  SignupLoginPage :54 - Get New User Signup text : New User Signup!
2024-01-02 18:01:894 INFO  SignupLoginPage :60 - Enter Name : '[[ChromeDriver: chrome on windows (77cb3e7498a6e03f191f15d970c44181)] -> name: name]' to Name field
2024-01-02 18:01:972 INFO  SignupLoginPage :65 - Enter Email  : '[[ChromeDriver: chrome on windows (77cb3e7498a6e03f191f15d970c44181)] -> xpath: //input[@data-qa='signup-email']]' to Email Signup field
2024-01-02 18:01:976 INFO  SignupLoginPage :69 - Click on 'Signup' button
2024-01-02 18:01:849 INFO  Homepage :95 - Navigating to current url
2024-01-02 18:01:425 INFO  Homepage :102 - verifying homepage url.
2024-01-02 18:01:274 INFO  Homepage :88 - hover to menu and click on element.
2024-01-02 18:01:316 INFO  SignupLoginPage :54 - Get New User Signup text : New User Signup!
2024-01-02 18:01:512 INFO  SignupLoginPage :60 - Enter Name : '[[ChromeDriver: chrome on windows (cfa3de2b58303ea205e308b642b3efb6)] -> name: name]' to Name field
2024-01-02 18:01:617 INFO  SignupLoginPage :65 - Enter Email  : '[[ChromeDriver: chrome on windows (cfa3de2b58303ea205e308b642b3efb6)] -> xpath: //input[@data-qa='signup-email']]' to Email Signup field
2024-01-02 18:01:621 INFO  SignupLoginPage :69 - Click on 'Signup' button
2024-01-02 18:01:827 INFO  EnterAccountInformationPage :95 - Get Enter Account Information text : ENTER ACCOUNT INFORMATION
2024-01-02 18:01:377 INFO  Homepage :95 - Navigating to current url
2024-01-02 18:01:638 INFO  Homepage :102 - verifying homepage url.
2024-01-02 18:01:227 INFO  ProductPage :111 - Getting All Products Text: [[ChromeDriver: chrome on windows (46b55379661153d20ebfc0e907bb2f8e)] -> xpath: //h2[normalize-space()='All Products']]
2024-01-02 18:01:648 INFO  ProductPage :129 - Clicking on first product: [[ChromeDriver: chrome on windows (46b55379661153d20ebfc0e907bb2f8e)] -> css selector: a[href='/product_details/1']]
2024-01-02 18:01:658 INFO  ProductDetailsPage :75 - Getting Product Details Page URL : 
2024-01-02 18:01:710 INFO  ProductDetailsPage :81 - Getting product name : Proxy element for: DefaultElementLocator 'By.xpath: //div[@class = 'product-details']/div[2]/div/h2'
2024-01-02 18:01:530 INFO  Homepage :95 - Navigating to current url
2024-01-02 18:01:676 INFO  Homepage :102 - verifying homepage url.
2024-01-02 18:01:199 INFO  ProductPage :111 - Getting All Products Text: [[ChromeDriver: chrome on windows (0cd9d22c8b846488f862e53e8fe8c656)] -> xpath: //h2[normalize-space()='All Products']]
2024-01-02 18:01:526 INFO  ProductPage :134 - Sending Soft Stretch Jeans to search bar : [[ChromeDriver: chrome on windows (0cd9d22c8b846488f862e53e8fe8c656)] -> xpath: //input[@id='search_product']]
2024-01-02 18:01:285 INFO  ProductPage :139 - Clicking on the search button : [[ChromeDriver: chrome on windows (0cd9d22c8b846488f862e53e8fe8c656)] -> xpath: //i[@class='fa fa-search']]
2024-01-02 18:01:308 INFO  ProductPage :143 - Getting Searched Products text : [[ChromeDriver: chrome on windows (0cd9d22c8b846488f862e53e8fe8c656)] -> xpath: //h2[normalize-space()='Searched Products']]
2024-01-02 18:01:339 INFO  ProductPage :148 - Getting Searched Product name : [[ChromeDriver: chrome on windows (0cd9d22c8b846488f862e53e8fe8c656)] -> xpath: //div[@class = 'single-products']/div/p]
2024-01-02 18:01:879 INFO  Homepage :95 - Navigating to current url
2024-01-02 18:01:297 INFO  Homepage :102 - verifying homepage url.
2024-01-02 18:01:765 INFO  ProductPage :156 - Hovering mouse over Men Tshirt : [[[ChromeDriver: chrome on windows (ef2bcc678f2786788b77c99a2c3885c0)] -> xpath: //div[@class='product-image-wrapper']/div/div/p], [[ChromeDriver: chrome on windows (ef2bcc678f2786788b77c99a2c3885c0)] -> xpath: //div[@class='product-image-wrapper']/div/div/p], [[ChromeDriver: chrome on windows (ef2bcc678f2786788b77c99a2c3885c0)] -> xpath: //div[@class='product-image-wrapper']/div/div/p], [[ChromeDriver: chrome on windows (ef2bcc678f2786788b77c99a2c3885c0)] -> xpath: //div[@class='product-image-wrapper']/div/div/p], [[ChromeDriver: chrome on windows (ef2bcc678f2786788b77c99a2c3885c0)] -> xpath: //div[@class='product-image-wrapper']/div/div/p], [[ChromeDriver: chrome on windows (ef2bcc678f2786788b77c99a2c3885c0)] -> xpath: //div[@class='product-image-wrapper']/div/div/p], [[ChromeDriver: chrome on windows (ef2bcc678f2786788b77c99a2c3885c0)] -> xpath: //div[@class='product-image-wrapper']/div/div/p], [[ChromeDriver: chrome on windows (ef2bcc678f2786788b77c99a2c3885c0)] -> xpath: //div[@class='product-image-wrapper']/div/div/p], [[ChromeDriver: chrome on windows (ef2bcc678f2786788b77c99a2c3885c0)] -> xpath: //div[@class='product-image-wrapper']/div/div/p], [[ChromeDriver: chrome on windows (ef2bcc678f2786788b77c99a2c3885c0)] -> xpath: //div[@class='product-image-wrapper']/div/div/p], [[ChromeDriver: chrome on windows (ef2bcc678f2786788b77c99a2c3885c0)] -> xpath: //div[@class='product-image-wrapper']/div/div/p], [[ChromeDriver: chrome on windows (ef2bcc678f2786788b77c99a2c3885c0)] -> xpath: //div[@class='product-image-wrapper']/div/div/p], [[ChromeDriver: chrome on windows (ef2bcc678f2786788b77c99a2c3885c0)] -> xpath: //div[@class='product-image-wrapper']/div/div/p], [[ChromeDriver: chrome on windows (ef2bcc678f2786788b77c99a2c3885c0)] -> xpath: //div[@class='product-image-wrapper']/div/div/p], [[ChromeDriver: chrome on windows (ef2bcc678f2786788b77c99a2c3885c0)] -> xpath: //div[@class='product-image-wrapper']/div/div/p], [[ChromeDriver: chrome on windows (ef2bcc678f2786788b77c99a2c3885c0)] -> xpath: //div[@class='product-image-wrapper']/div/div/p], [[ChromeDriver: chrome on windows (ef2bcc678f2786788b77c99a2c3885c0)] -> xpath: //div[@class='product-image-wrapper']/div/div/p], [[ChromeDriver: chrome on windows (ef2bcc678f2786788b77c99a2c3885c0)] -> xpath: //div[@class='product-image-wrapper']/div/div/p], [[ChromeDriver: chrome on windows (ef2bcc678f2786788b77c99a2c3885c0)] -> xpath: //div[@class='product-image-wrapper']/div/div/p], [[ChromeDriver: chrome on windows (ef2bcc678f2786788b77c99a2c3885c0)] -> xpath: //div[@class='product-image-wrapper']/div/div/p], [[ChromeDriver: chrome on windows (ef2bcc678f2786788b77c99a2c3885c0)] -> xpath: //div[@class='product-image-wrapper']/div/div/p], [[ChromeDriver: chrome on windows (ef2bcc678f2786788b77c99a2c3885c0)] -> xpath: //div[@class='product-image-wrapper']/div/div/p], [[ChromeDriver: chrome on windows (ef2bcc678f2786788b77c99a2c3885c0)] -> xpath: //div[@class='product-image-wrapper']/div/div/p], [[ChromeDriver: chrome on windows (ef2bcc678f2786788b77c99a2c3885c0)] -> xpath: //div[@class='product-image-wrapper']/div/div/p], [[ChromeDriver: chrome on windows (ef2bcc678f2786788b77c99a2c3885c0)] -> xpath: //div[@class='product-image-wrapper']/div/div/p], [[ChromeDriver: chrome on windows (ef2bcc678f2786788b77c99a2c3885c0)] -> xpath: //div[@class='product-image-wrapper']/div/div/p], [[ChromeDriver: chrome on windows (ef2bcc678f2786788b77c99a2c3885c0)] -> xpath: //div[@class='product-image-wrapper']/div/div/p], [[ChromeDriver: chrome on windows (ef2bcc678f2786788b77c99a2c3885c0)] -> xpath: //div[@class='product-image-wrapper']/div/div/p], [[ChromeDriver: chrome on windows (ef2bcc678f2786788b77c99a2c3885c0)] -> xpath: //div[@class='product-image-wrapper']/div/div/p], [[ChromeDriver: chrome on windows (ef2bcc678f2786788b77c99a2c3885c0)] -> xpath: //div[@class='product-image-wrapper']/div/div/p], [[ChromeDriver: chrome on windows (ef2bcc678f2786788b77c99a2c3885c0)] -> xpath: //div[@class='product-image-wrapper']/div/div/p], [[ChromeDriver: chrome on windows (ef2bcc678f2786788b77c99a2c3885c0)] -> xpath: //div[@class='product-image-wrapper']/div/div/p], [[ChromeDriver: chrome on windows (ef2bcc678f2786788b77c99a2c3885c0)] -> xpath: //div[@class='product-image-wrapper']/div/div/p], [[ChromeDriver: chrome on windows (ef2bcc678f2786788b77c99a2c3885c0)] -> xpath: //div[@class='product-image-wrapper']/div/div/p], [[ChromeDriver: chrome on windows (ef2bcc678f2786788b77c99a2c3885c0)] -> xpath: //div[@class='product-image-wrapper']/div/div/p], [[ChromeDriver: chrome on windows (ef2bcc678f2786788b77c99a2c3885c0)] -> xpath: //div[@class='product-image-wrapper']/div/div/p], [[ChromeDriver: chrome on windows (ef2bcc678f2786788b77c99a2c3885c0)] -> xpath: //div[@class='product-image-wrapper']/div/div/p], [[ChromeDriver: chrome on windows (ef2bcc678f2786788b77c99a2c3885c0)] -> xpath: //div[@class='product-image-wrapper']/div/div/p], [[ChromeDriver: chrome on windows (ef2bcc678f2786788b77c99a2c3885c0)] -> xpath: //div[@class='product-image-wrapper']/div/div/p], [[ChromeDriver: chrome on windows (ef2bcc678f2786788b77c99a2c3885c0)] -> xpath: //div[@class='product-image-wrapper']/div/div/p]]
2024-01-02 18:01:912 INFO  ProductPage :163 - Click on Men Tshirt Add to Cart button : [[[ChromeDriver: chrome on windows (ef2bcc678f2786788b77c99a2c3885c0)] -> xpath: //div[@class='product-image-wrapper']/div/div/p], [[ChromeDriver: chrome on windows (ef2bcc678f2786788b77c99a2c3885c0)] -> xpath: //div[@class='product-image-wrapper']/div/div/p], [[ChromeDriver: chrome on windows (ef2bcc678f2786788b77c99a2c3885c0)] -> xpath: //div[@class='product-image-wrapper']/div/div/p], [[ChromeDriver: chrome on windows (ef2bcc678f2786788b77c99a2c3885c0)] -> xpath: //div[@class='product-image-wrapper']/div/div/p], [[ChromeDriver: chrome on windows (ef2bcc678f2786788b77c99a2c3885c0)] -> xpath: //div[@class='product-image-wrapper']/div/div/p], [[ChromeDriver: chrome on windows (ef2bcc678f2786788b77c99a2c3885c0)] -> xpath: //div[@class='product-image-wrapper']/div/div/p], [[ChromeDriver: chrome on windows (ef2bcc678f2786788b77c99a2c3885c0)] -> xpath: //div[@class='product-image-wrapper']/div/div/p], [[ChromeDriver: chrome on windows (ef2bcc678f2786788b77c99a2c3885c0)] -> xpath: //div[@class='product-image-wrapper']/div/div/p], [[ChromeDriver: chrome on windows (ef2bcc678f2786788b77c99a2c3885c0)] -> xpath: //div[@class='product-image-wrapper']/div/div/p], [[ChromeDriver: chrome on windows (ef2bcc678f2786788b77c99a2c3885c0)] -> xpath: //div[@class='product-image-wrapper']/div/div/p], [[ChromeDriver: chrome on windows (ef2bcc678f2786788b77c99a2c3885c0)] -> xpath: //div[@class='product-image-wrapper']/div/div/p], [[ChromeDriver: chrome on windows (ef2bcc678f2786788b77c99a2c3885c0)] -> xpath: //div[@class='product-image-wrapper']/div/div/p], [[ChromeDriver: chrome on windows (ef2bcc678f2786788b77c99a2c3885c0)] -> xpath: //div[@class='product-image-wrapper']/div/div/p], [[ChromeDriver: chrome on windows (ef2bcc678f2786788b77c99a2c3885c0)] -> xpath: //div[@class='product-image-wrapper']/div/div/p], [[ChromeDriver: chrome on windows (ef2bcc678f2786788b77c99a2c3885c0)] -> xpath: //div[@class='product-image-wrapper']/div/div/p], [[ChromeDriver: chrome on windows (ef2bcc678f2786788b77c99a2c3885c0)] -> xpath: //div[@class='product-image-wrapper']/div/div/p], [[ChromeDriver: chrome on windows (ef2bcc678f2786788b77c99a2c3885c0)] -> xpath: //div[@class='product-image-wrapper']/div/div/p], [[ChromeDriver: chrome on windows (ef2bcc678f2786788b77c99a2c3885c0)] -> xpath: //div[@class='product-image-wrapper']/div/div/p], [[ChromeDriver: chrome on windows (ef2bcc678f2786788b77c99a2c3885c0)] -> xpath: //div[@class='product-image-wrapper']/div/div/p], [[ChromeDriver: chrome on windows (ef2bcc678f2786788b77c99a2c3885c0)] -> xpath: //div[@class='product-image-wrapper']/div/div/p], [[ChromeDriver: chrome on windows (ef2bcc678f2786788b77c99a2c3885c0)] -> xpath: //div[@class='product-image-wrapper']/div/div/p], [[ChromeDriver: chrome on windows (ef2bcc678f2786788b77c99a2c3885c0)] -> xpath: //div[@class='product-image-wrapper']/div/div/p], [[ChromeDriver: chrome on windows (ef2bcc678f2786788b77c99a2c3885c0)] -> xpath: //div[@class='product-image-wrapper']/div/div/p], [[ChromeDriver: chrome on windows (ef2bcc678f2786788b77c99a2c3885c0)] -> xpath: //div[@class='product-image-wrapper']/div/div/p], [[ChromeDriver: chrome on windows (ef2bcc678f2786788b77c99a2c3885c0)] -> xpath: //div[@class='product-image-wrapper']/div/div/p], [[ChromeDriver: chrome on windows (ef2bcc678f2786788b77c99a2c3885c0)] -> xpath: //div[@class='product-image-wrapper']/div/div/p], [[ChromeDriver: chrome on windows (ef2bcc678f2786788b77c99a2c3885c0)] -> xpath: //div[@class='product-image-wrapper']/div/div/p], [[ChromeDriver: chrome on windows (ef2bcc678f2786788b77c99a2c3885c0)] -> xpath: //div[@class='product-image-wrapper']/div/div/p], [[ChromeDriver: chrome on windows (ef2bcc678f2786788b77c99a2c3885c0)] -> xpath: //div[@class='product-image-wrapper']/div/div/p], [[ChromeDriver: chrome on windows (ef2bcc678f2786788b77c99a2c3885c0)] -> xpath: //div[@class='product-image-wrapper']/div/div/p], [[ChromeDriver: chrome on windows (ef2bcc678f2786788b77c99a2c3885c0)] -> xpath: //div[@class='product-image-wrapper']/div/div/p], [[ChromeDriver: chrome on windows (ef2bcc678f2786788b77c99a2c3885c0)] -> xpath: //div[@class='product-image-wrapper']/div/div/p], [[ChromeDriver: chrome on windows (ef2bcc678f2786788b77c99a2c3885c0)] -> xpath: //div[@class='product-image-wrapper']/div/div/p], [[ChromeDriver: chrome on windows (ef2bcc678f2786788b77c99a2c3885c0)] -> xpath: //div[@class='product-image-wrapper']/div/div/p], [[ChromeDriver: chrome on windows (ef2bcc678f2786788b77c99a2c3885c0)] -> xpath: //div[@class='product-image-wrapper']/div/div/p], [[ChromeDriver: chrome on windows (ef2bcc678f2786788b77c99a2c3885c0)] -> xpath: //div[@class='product-image-wrapper']/div/div/p], [[ChromeDriver: chrome on windows (ef2bcc678f2786788b77c99a2c3885c0)] -> xpath: //div[@class='product-image-wrapper']/div/div/p], [[ChromeDriver: chrome on windows (ef2bcc678f2786788b77c99a2c3885c0)] -> xpath: //div[@class='product-image-wrapper']/div/div/p], [[ChromeDriver: chrome on windows (ef2bcc678f2786788b77c99a2c3885c0)] -> xpath: //div[@class='product-image-wrapper']/div/div/p], [[ChromeDriver: chrome on windows (ef2bcc678f2786788b77c99a2c3885c0)] -> xpath: //div[@class='product-image-wrapper']/div/div/p]]
2024-01-02 18:01:106 INFO  Homepage :95 - Navigating to current url
2024-01-02 18:01:713 INFO  Homepage :102 - verifying homepage url.
2024-01-02 18:01:782 INFO  ProductPage :197 - Clicking on blue top product: [[ChromeDriver: chrome on windows (6736146a12debc64b7670c28c28374e6)] -> css selector: a[href='/product_details/1']]
2024-01-02 18:01:788 INFO  ProductDetailsPage :75 - Getting Product Details Page URL : 
2024-01-02 18:01:368 INFO  Homepage :95 - Navigating to current url
2024-01-02 18:01:931 INFO  Homepage :102 - verifying homepage url.
2024-01-02 18:01:181 INFO  ProductPage :156 - Hovering mouse over Blue Top : [[[ChromeDriver: chrome on windows (f2c09735d4f0476068ea84b83191f302)] -> xpath: //div[@class='product-image-wrapper']/div/div/p], [[ChromeDriver: chrome on windows (f2c09735d4f0476068ea84b83191f302)] -> xpath: //div[@class='product-image-wrapper']/div/div/p], [[ChromeDriver: chrome on windows (f2c09735d4f0476068ea84b83191f302)] -> xpath: //div[@class='product-image-wrapper']/div/div/p], [[ChromeDriver: chrome on windows (f2c09735d4f0476068ea84b83191f302)] -> xpath: //div[@class='product-image-wrapper']/div/div/p], [[ChromeDriver: chrome on windows (f2c09735d4f0476068ea84b83191f302)] -> xpath: //div[@class='product-image-wrapper']/div/div/p], [[ChromeDriver: chrome on windows (f2c09735d4f0476068ea84b83191f302)] -> xpath: //div[@class='product-image-wrapper']/div/div/p], [[ChromeDriver: chrome on windows (f2c09735d4f0476068ea84b83191f302)] -> xpath: //div[@class='product-image-wrapper']/div/div/p], [[ChromeDriver: chrome on windows (f2c09735d4f0476068ea84b83191f302)] -> xpath: //div[@class='product-image-wrapper']/div/div/p], [[ChromeDriver: chrome on windows (f2c09735d4f0476068ea84b83191f302)] -> xpath: //div[@class='product-image-wrapper']/div/div/p], [[ChromeDriver: chrome on windows (f2c09735d4f0476068ea84b83191f302)] -> xpath: //div[@class='product-image-wrapper']/div/div/p], [[ChromeDriver: chrome on windows (f2c09735d4f0476068ea84b83191f302)] -> xpath: //div[@class='product-image-wrapper']/div/div/p], [[ChromeDriver: chrome on windows (f2c09735d4f0476068ea84b83191f302)] -> xpath: //div[@class='product-image-wrapper']/div/div/p], [[ChromeDriver: chrome on windows (f2c09735d4f0476068ea84b83191f302)] -> xpath: //div[@class='product-image-wrapper']/div/div/p], [[ChromeDriver: chrome on windows (f2c09735d4f0476068ea84b83191f302)] -> xpath: //div[@class='product-image-wrapper']/div/div/p], [[ChromeDriver: chrome on windows (f2c09735d4f0476068ea84b83191f302)] -> xpath: //div[@class='product-image-wrapper']/div/div/p], [[ChromeDriver: chrome on windows (f2c09735d4f0476068ea84b83191f302)] -> xpath: //div[@class='product-image-wrapper']/div/div/p], [[ChromeDriver: chrome on windows (f2c09735d4f0476068ea84b83191f302)] -> xpath: //div[@class='product-image-wrapper']/div/div/p], [[ChromeDriver: chrome on windows (f2c09735d4f0476068ea84b83191f302)] -> xpath: //div[@class='product-image-wrapper']/div/div/p], [[ChromeDriver: chrome on windows (f2c09735d4f0476068ea84b83191f302)] -> xpath: //div[@class='product-image-wrapper']/div/div/p], [[ChromeDriver: chrome on windows (f2c09735d4f0476068ea84b83191f302)] -> xpath: //div[@class='product-image-wrapper']/div/div/p], [[ChromeDriver: chrome on windows (f2c09735d4f0476068ea84b83191f302)] -> xpath: //div[@class='product-image-wrapper']/div/div/p], [[ChromeDriver: chrome on windows (f2c09735d4f0476068ea84b83191f302)] -> xpath: //div[@class='product-image-wrapper']/div/div/p], [[ChromeDriver: chrome on windows (f2c09735d4f0476068ea84b83191f302)] -> xpath: //div[@class='product-image-wrapper']/div/div/p], [[ChromeDriver: chrome on windows (f2c09735d4f0476068ea84b83191f302)] -> xpath: //div[@class='product-image-wrapper']/div/div/p], [[ChromeDriver: chrome on windows (f2c09735d4f0476068ea84b83191f302)] -> xpath: //div[@class='product-image-wrapper']/div/div/p], [[ChromeDriver: chrome on windows (f2c09735d4f0476068ea84b83191f302)] -> xpath: //div[@class='product-image-wrapper']/div/div/p], [[ChromeDriver: chrome on windows (f2c09735d4f0476068ea84b83191f302)] -> xpath: //div[@class='product-image-wrapper']/div/div/p], [[ChromeDriver: chrome on windows (f2c09735d4f0476068ea84b83191f302)] -> xpath: //div[@class='product-image-wrapper']/div/div/p], [[ChromeDriver: chrome on windows (f2c09735d4f0476068ea84b83191f302)] -> xpath: //div[@class='product-image-wrapper']/div/div/p], [[ChromeDriver: chrome on windows (f2c09735d4f0476068ea84b83191f302)] -> xpath: //div[@class='product-image-wrapper']/div/div/p], [[ChromeDriver: chrome on windows (f2c09735d4f0476068ea84b83191f302)] -> xpath: //div[@class='product-image-wrapper']/div/div/p], [[ChromeDriver: chrome on windows (f2c09735d4f0476068ea84b83191f302)] -> xpath: //div[@class='product-image-wrapper']/div/div/p], [[ChromeDriver: chrome on windows (f2c09735d4f0476068ea84b83191f302)] -> xpath: //div[@class='product-image-wrapper']/div/div/p], [[ChromeDriver: chrome on windows (f2c09735d4f0476068ea84b83191f302)] -> xpath: //div[@class='product-image-wrapper']/div/div/p], [[ChromeDriver: chrome on windows (f2c09735d4f0476068ea84b83191f302)] -> xpath: //div[@class='product-image-wrapper']/div/div/p], [[ChromeDriver: chrome on windows (f2c09735d4f0476068ea84b83191f302)] -> xpath: //div[@class='product-image-wrapper']/div/div/p], [[ChromeDriver: chrome on windows (f2c09735d4f0476068ea84b83191f302)] -> xpath: //div[@class='product-image-wrapper']/div/div/p], [[ChromeDriver: chrome on windows (f2c09735d4f0476068ea84b83191f302)] -> xpath: //div[@class='product-image-wrapper']/div/div/p], [[ChromeDriver: chrome on windows (f2c09735d4f0476068ea84b83191f302)] -> xpath: //div[@class='product-image-wrapper']/div/div/p], [[ChromeDriver: chrome on windows (f2c09735d4f0476068ea84b83191f302)] -> xpath: //div[@class='product-image-wrapper']/div/div/p]]
2024-01-02 18:01:353 INFO  ProductPage :163 - Click on Blue Top Add to Cart button : [[[ChromeDriver: chrome on windows (f2c09735d4f0476068ea84b83191f302)] -> xpath: //div[@class='product-image-wrapper']/div/div/p], [[ChromeDriver: chrome on windows (f2c09735d4f0476068ea84b83191f302)] -> xpath: //div[@class='product-image-wrapper']/div/div/p], [[ChromeDriver: chrome on windows (f2c09735d4f0476068ea84b83191f302)] -> xpath: //div[@class='product-image-wrapper']/div/div/p], [[ChromeDriver: chrome on windows (f2c09735d4f0476068ea84b83191f302)] -> xpath: //div[@class='product-image-wrapper']/div/div/p], [[ChromeDriver: chrome on windows (f2c09735d4f0476068ea84b83191f302)] -> xpath: //div[@class='product-image-wrapper']/div/div/p], [[ChromeDriver: chrome on windows (f2c09735d4f0476068ea84b83191f302)] -> xpath: //div[@class='product-image-wrapper']/div/div/p], [[ChromeDriver: chrome on windows (f2c09735d4f0476068ea84b83191f302)] -> xpath: //div[@class='product-image-wrapper']/div/div/p], [[ChromeDriver: chrome on windows (f2c09735d4f0476068ea84b83191f302)] -> xpath: //div[@class='product-image-wrapper']/div/div/p], [[ChromeDriver: chrome on windows (f2c09735d4f0476068ea84b83191f302)] -> xpath: //div[@class='product-image-wrapper']/div/div/p], [[ChromeDriver: chrome on windows (f2c09735d4f0476068ea84b83191f302)] -> xpath: //div[@class='product-image-wrapper']/div/div/p], [[ChromeDriver: chrome on windows (f2c09735d4f0476068ea84b83191f302)] -> xpath: //div[@class='product-image-wrapper']/div/div/p], [[ChromeDriver: chrome on windows (f2c09735d4f0476068ea84b83191f302)] -> xpath: //div[@class='product-image-wrapper']/div/div/p], [[ChromeDriver: chrome on windows (f2c09735d4f0476068ea84b83191f302)] -> xpath: //div[@class='product-image-wrapper']/div/div/p], [[ChromeDriver: chrome on windows (f2c09735d4f0476068ea84b83191f302)] -> xpath: //div[@class='product-image-wrapper']/div/div/p], [[ChromeDriver: chrome on windows (f2c09735d4f0476068ea84b83191f302)] -> xpath: //div[@class='product-image-wrapper']/div/div/p], [[ChromeDriver: chrome on windows (f2c09735d4f0476068ea84b83191f302)] -> xpath: //div[@class='product-image-wrapper']/div/div/p], [[ChromeDriver: chrome on windows (f2c09735d4f0476068ea84b83191f302)] -> xpath: //div[@class='product-image-wrapper']/div/div/p], [[ChromeDriver: chrome on windows (f2c09735d4f0476068ea84b83191f302)] -> xpath: //div[@class='product-image-wrapper']/div/div/p], [[ChromeDriver: chrome on windows (f2c09735d4f0476068ea84b83191f302)] -> xpath: //div[@class='product-image-wrapper']/div/div/p], [[ChromeDriver: chrome on windows (f2c09735d4f0476068ea84b83191f302)] -> xpath: //div[@class='product-image-wrapper']/div/div/p], [[ChromeDriver: chrome on windows (f2c09735d4f0476068ea84b83191f302)] -> xpath: //div[@class='product-image-wrapper']/div/div/p], [[ChromeDriver: chrome on windows (f2c09735d4f0476068ea84b83191f302)] -> xpath: //div[@class='product-image-wrapper']/div/div/p], [[ChromeDriver: chrome on windows (f2c09735d4f0476068ea84b83191f302)] -> xpath: //div[@class='product-image-wrapper']/div/div/p], [[ChromeDriver: chrome on windows (f2c09735d4f0476068ea84b83191f302)] -> xpath: //div[@class='product-image-wrapper']/div/div/p], [[ChromeDriver: chrome on windows (f2c09735d4f0476068ea84b83191f302)] -> xpath: //div[@class='product-image-wrapper']/div/div/p], [[ChromeDriver: chrome on windows (f2c09735d4f0476068ea84b83191f302)] -> xpath: //div[@class='product-image-wrapper']/div/div/p], [[ChromeDriver: chrome on windows (f2c09735d4f0476068ea84b83191f302)] -> xpath: //div[@class='product-image-wrapper']/div/div/p], [[ChromeDriver: chrome on windows (f2c09735d4f0476068ea84b83191f302)] -> xpath: //div[@class='product-image-wrapper']/div/div/p], [[ChromeDriver: chrome on windows (f2c09735d4f0476068ea84b83191f302)] -> xpath: //div[@class='product-image-wrapper']/div/div/p], [[ChromeDriver: chrome on windows (f2c09735d4f0476068ea84b83191f302)] -> xpath: //div[@class='product-image-wrapper']/div/div/p], [[ChromeDriver: chrome on windows (f2c09735d4f0476068ea84b83191f302)] -> xpath: //div[@class='product-image-wrapper']/div/div/p], [[ChromeDriver: chrome on windows (f2c09735d4f0476068ea84b83191f302)] -> xpath: //div[@class='product-image-wrapper']/div/div/p], [[ChromeDriver: chrome on windows (f2c09735d4f0476068ea84b83191f302)] -> xpath: //div[@class='product-image-wrapper']/div/div/p], [[ChromeDriver: chrome on windows (f2c09735d4f0476068ea84b83191f302)] -> xpath: //div[@class='product-image-wrapper']/div/div/p], [[ChromeDriver: chrome on windows (f2c09735d4f0476068ea84b83191f302)] -> xpath: //div[@class='product-image-wrapper']/div/div/p], [[ChromeDriver: chrome on windows (f2c09735d4f0476068ea84b83191f302)] -> xpath: //div[@class='product-image-wrapper']/div/div/p], [[ChromeDriver: chrome on windows (f2c09735d4f0476068ea84b83191f302)] -> xpath: //div[@class='product-image-wrapper']/div/div/p], [[ChromeDriver: chrome on windows (f2c09735d4f0476068ea84b83191f302)] -> xpath: //div[@class='product-image-wrapper']/div/div/p], [[ChromeDriver: chrome on windows (f2c09735d4f0476068ea84b83191f302)] -> xpath: //div[@class='product-image-wrapper']/div/div/p], [[ChromeDriver: chrome on windows (f2c09735d4f0476068ea84b83191f302)] -> xpath: //div[@class='product-image-wrapper']/div/div/p]]
2024-01-02 18:01:44 INFO  ProductPage :171 - Clicking on view cart link after adding product to the cart : [[ChromeDriver: chrome on windows (f2c09735d4f0476068ea84b83191f302)] -> xpath: //u[normalize-space()='View Cart']]
2024-01-02 18:01:65 INFO  ShoppingCartPage :56 - Getting welcome text from shopping cart page : [[ChromeDriver: chrome on windows (f2c09735d4f0476068ea84b83191f302)] -> xpath: //li[@class='active']]
2024-01-02 18:01:192 INFO  ShoppingCartPage :68 - Clicking on cross button to remove the product from cart : [[ChromeDriver: chrome on windows (f2c09735d4f0476068ea84b83191f302)] -> xpath: //i[@class='fa fa-times']]
2024-01-02 18:01:210 INFO  ShoppingCartPage :71 - Getting empty cart text : [[ChromeDriver: chrome on windows (f2c09735d4f0476068ea84b83191f302)] -> xpath: //b[normalize-space()='Cart is empty!']]
2024-01-02 18:01:731 INFO  Homepage :95 - Navigating to current url
2024-01-02 18:01:297 INFO  Homepage :102 - verifying homepage url.
2024-01-02 18:01:627 INFO  ProductPage :246 - Getting Sub Menu Page Title : [[ChromeDriver: chrome on windows (5f5f508e1ce5759d3a20148ba20cfe08)] -> xpath: //h2[@class = 'title text-center']]
2024-01-02 18:01:752 INFO  ProductPage :246 - Getting Sub Menu Page Title : [[ChromeDriver: chrome on windows (5f5f508e1ce5759d3a20148ba20cfe08)] -> xpath: //h2[@class = 'title text-center']]
2024-01-02 18:01:608 INFO  Homepage :95 - Navigating to current url
2024-01-02 18:01:240 INFO  Homepage :102 - verifying homepage url.
2024-01-02 18:01:641 INFO  ProductPage :246 - Getting Sub Menu Page Title : [[ChromeDriver: chrome on windows (c7140801e08dbceb0114afbae0b75430)] -> xpath: //h2[@class = 'title text-center']]
2024-01-02 18:01:805 INFO  ProductPage :246 - Getting Sub Menu Page Title : [[ChromeDriver: chrome on windows (c7140801e08dbceb0114afbae0b75430)] -> xpath: //h2[@class = 'title text-center']]
2024-01-02 18:01:321 INFO  Homepage :95 - Navigating to current url
2024-01-02 18:01:710 INFO  Homepage :102 - verifying homepage url.
2024-01-02 18:01:465 INFO  ProductPage :111 - Getting All Products Text: [[ChromeDriver: chrome on windows (cd4d0a03aa046fab4876b6e0176d1dcd)] -> xpath: //h2[normalize-space()='All Products']]
2024-01-02 18:01:796 INFO  ProductPage :134 - Sending Men Tshirt to search bar : [[ChromeDriver: chrome on windows (cd4d0a03aa046fab4876b6e0176d1dcd)] -> xpath: //input[@id='search_product']]
2024-01-02 18:01:161 INFO  ProductPage :139 - Clicking on the search button : [[ChromeDriver: chrome on windows (cd4d0a03aa046fab4876b6e0176d1dcd)] -> xpath: //i[@class='fa fa-search']]
2024-01-02 18:01:187 INFO  ProductPage :143 - Getting Searched Products text : [[ChromeDriver: chrome on windows (cd4d0a03aa046fab4876b6e0176d1dcd)] -> xpath: //h2[normalize-space()='Searched Products']]
2024-01-02 18:01:229 INFO  ProductPage :148 - Getting Searched Product name : [[ChromeDriver: chrome on windows (cd4d0a03aa046fab4876b6e0176d1dcd)] -> xpath: //div[@class = 'single-products']/div/p]
2024-01-02 18:01:490 INFO  ProductPage :156 - Hovering mouse over Men Tshirt : [[[ChromeDriver: chrome on windows (cd4d0a03aa046fab4876b6e0176d1dcd)] -> xpath: //div[@class='product-image-wrapper']/div/div/p]]
2024-01-02 18:01:686 INFO  ProductPage :163 - Click on Men Tshirt Add to Cart button : [[[ChromeDriver: chrome on windows (cd4d0a03aa046fab4876b6e0176d1dcd)] -> xpath: //div[@class='product-image-wrapper']/div/div/p]]
2024-01-02 18:01:857 INFO  ProductPage :171 - Clicking on view cart link after adding product to the cart : [[ChromeDriver: chrome on windows (cd4d0a03aa046fab4876b6e0176d1dcd)] -> xpath: //u[normalize-space()='View Cart']]
2024-01-02 18:01:974 INFO  ShoppingCartPage :45 - Getting Men Tshirt from shopping cart : [[[ChromeDriver: chrome on windows (cd4d0a03aa046fab4876b6e0176d1dcd)] -> xpath: //td[@class = 'cart_description']/h4/a]]
2024-01-02 18:01:114 INFO  Homepage :88 - hover to menu and click on element.
2024-01-02 18:01:150 INFO  SignupLoginPage :74 - Get Login to your account text : Login to your account
2024-01-02 18:01:391 INFO  SignupLoginPage :81 - Entering correct email address and password
2024-01-02 18:01:394 INFO  SignupLoginPage :85 - Click on 'Login' button
2024-01-02 18:01:404 INFO  Homepage :88 - hover to menu and click on element.
2024-01-02 18:01:595 INFO  ShoppingCartPage :45 - Getting Men Tshirt from shopping cart : [[[ChromeDriver: chrome on windows (cd4d0a03aa046fab4876b6e0176d1dcd)] -> xpath: //td[@class = 'cart_description']/h4/a], [[ChromeDriver: chrome on windows (cd4d0a03aa046fab4876b6e0176d1dcd)] -> xpath: //td[@class = 'cart_description']/h4/a]]
2024-01-02 18:01:621 INFO  Homepage :95 - Navigating to current url
2024-01-02 18:01:847 INFO  Homepage :102 - verifying homepage url.
2024-01-02 18:01:509 INFO  ProductPage :111 - Getting All Products Text: [[ChromeDriver: chrome on windows (148354adacf9b6ac2c4fd927d50d9021)] -> xpath: //h2[normalize-space()='All Products']]
2024-01-02 18:01:850 INFO  ProductPage :197 - Clicking on blue top product: [[ChromeDriver: chrome on windows (148354adacf9b6ac2c4fd927d50d9021)] -> css selector: a[href='/product_details/1']]
2024-01-02 18:01:114 INFO  ProductDetailsPage :127 - Sending Virat to your name field : [[ChromeDriver: chrome on windows (148354adacf9b6ac2c4fd927d50d9021)] -> id: name]
2024-01-02 18:01:198 INFO  ProductDetailsPage :132 - Sending creative1@gmail.co.uk to email field : [[ChromeDriver: chrome on windows (148354adacf9b6ac2c4fd927d50d9021)] -> id: email]
2024-01-02 18:01:277 INFO  ProductDetailsPage :137 - Sending Item as expected to add review field : [[ChromeDriver: chrome on windows (148354adacf9b6ac2c4fd927d50d9021)] -> id: review]
2024-01-02 18:01:360 INFO  ProductDetailsPage :142 - Clicking on the review submit button : [[ChromeDriver: chrome on windows (148354adacf9b6ac2c4fd927d50d9021)] -> id: button-review]
2024-01-02 18:01:377 INFO  ProductDetailsPage :146 - Getting thank you for review message test : [[ChromeDriver: chrome on windows (148354adacf9b6ac2c4fd927d50d9021)] -> xpath: //span[normalize-space()='Thank you for your review.']]
2024-01-02 18:01:470 INFO  Homepage :95 - Navigating to current url
2024-01-02 18:01:391 INFO  Homepage :102 - verifying homepage url.
2024-01-02 18:01:433 INFO  Homepage :154 - Scroll Down to recommended items
2024-01-02 18:01:494 INFO  Homepage :164 - Getting recommended items text : [[ChromeDriver: chrome on windows (eb5df9e61cf8af9ba8c278d5b36112da)] -> xpath: //h2[normalize-space()='recommended items']]
2024-01-02 18:01:760 INFO  Homepage :172 - Click on Stylish Dress Add to Cart button : [[[ChromeDriver: chrome on windows (eb5df9e61cf8af9ba8c278d5b36112da)] -> xpath: //div[@class='product-image-wrapper']/div/div/p], [[ChromeDriver: chrome on windows (eb5df9e61cf8af9ba8c278d5b36112da)] -> xpath: //div[@class='product-image-wrapper']/div/div/p], [[ChromeDriver: chrome on windows (eb5df9e61cf8af9ba8c278d5b36112da)] -> xpath: //div[@class='product-image-wrapper']/div/div/p], [[ChromeDriver: chrome on windows (eb5df9e61cf8af9ba8c278d5b36112da)] -> xpath: //div[@class='product-image-wrapper']/div/div/p], [[ChromeDriver: chrome on windows (eb5df9e61cf8af9ba8c278d5b36112da)] -> xpath: //div[@class='product-image-wrapper']/div/div/p], [[ChromeDriver: chrome on windows (eb5df9e61cf8af9ba8c278d5b36112da)] -> xpath: //div[@class='product-image-wrapper']/div/div/p], [[ChromeDriver: chrome on windows (eb5df9e61cf8af9ba8c278d5b36112da)] -> xpath: //div[@class='product-image-wrapper']/div/div/p], [[ChromeDriver: chrome on windows (eb5df9e61cf8af9ba8c278d5b36112da)] -> xpath: //div[@class='product-image-wrapper']/div/div/p], [[ChromeDriver: chrome on windows (eb5df9e61cf8af9ba8c278d5b36112da)] -> xpath: //div[@class='product-image-wrapper']/div/div/p], [[ChromeDriver: chrome on windows (eb5df9e61cf8af9ba8c278d5b36112da)] -> xpath: //div[@class='product-image-wrapper']/div/div/p], [[ChromeDriver: chrome on windows (eb5df9e61cf8af9ba8c278d5b36112da)] -> xpath: //div[@class='product-image-wrapper']/div/div/p], [[ChromeDriver: chrome on windows (eb5df9e61cf8af9ba8c278d5b36112da)] -> xpath: //div[@class='product-image-wrapper']/div/div/p], [[ChromeDriver: chrome on windows (eb5df9e61cf8af9ba8c278d5b36112da)] -> xpath: //div[@class='product-image-wrapper']/div/div/p], [[ChromeDriver: chrome on windows (eb5df9e61cf8af9ba8c278d5b36112da)] -> xpath: //div[@class='product-image-wrapper']/div/div/p], [[ChromeDriver: chrome on windows (eb5df9e61cf8af9ba8c278d5b36112da)] -> xpath: //div[@class='product-image-wrapper']/div/div/p], [[ChromeDriver: chrome on windows (eb5df9e61cf8af9ba8c278d5b36112da)] -> xpath: //div[@class='product-image-wrapper']/div/div/p], [[ChromeDriver: chrome on windows (eb5df9e61cf8af9ba8c278d5b36112da)] -> xpath: //div[@class='product-image-wrapper']/div/div/p], [[ChromeDriver: chrome on windows (eb5df9e61cf8af9ba8c278d5b36112da)] -> xpath: //div[@class='product-image-wrapper']/div/div/p], [[ChromeDriver: chrome on windows (eb5df9e61cf8af9ba8c278d5b36112da)] -> xpath: //div[@class='product-image-wrapper']/div/div/p], [[ChromeDriver: chrome on windows (eb5df9e61cf8af9ba8c278d5b36112da)] -> xpath: //div[@class='product-image-wrapper']/div/div/p], [[ChromeDriver: chrome on windows (eb5df9e61cf8af9ba8c278d5b36112da)] -> xpath: //div[@class='product-image-wrapper']/div/div/p], [[ChromeDriver: chrome on windows (eb5df9e61cf8af9ba8c278d5b36112da)] -> xpath: //div[@class='product-image-wrapper']/div/div/p], [[ChromeDriver: chrome on windows (eb5df9e61cf8af9ba8c278d5b36112da)] -> xpath: //div[@class='product-image-wrapper']/div/div/p], [[ChromeDriver: chrome on windows (eb5df9e61cf8af9ba8c278d5b36112da)] -> xpath: //div[@class='product-image-wrapper']/div/div/p], [[ChromeDriver: chrome on windows (eb5df9e61cf8af9ba8c278d5b36112da)] -> xpath: //div[@class='product-image-wrapper']/div/div/p], [[ChromeDriver: chrome on windows (eb5df9e61cf8af9ba8c278d5b36112da)] -> xpath: //div[@class='product-image-wrapper']/div/div/p], [[ChromeDriver: chrome on windows (eb5df9e61cf8af9ba8c278d5b36112da)] -> xpath: //div[@class='product-image-wrapper']/div/div/p], [[ChromeDriver: chrome on windows (eb5df9e61cf8af9ba8c278d5b36112da)] -> xpath: //div[@class='product-image-wrapper']/div/div/p], [[ChromeDriver: chrome on windows (eb5df9e61cf8af9ba8c278d5b36112da)] -> xpath: //div[@class='product-image-wrapper']/div/div/p], [[ChromeDriver: chrome on windows (eb5df9e61cf8af9ba8c278d5b36112da)] -> xpath: //div[@class='product-image-wrapper']/div/div/p], [[ChromeDriver: chrome on windows (eb5df9e61cf8af9ba8c278d5b36112da)] -> xpath: //div[@class='product-image-wrapper']/div/div/p], [[ChromeDriver: chrome on windows (eb5df9e61cf8af9ba8c278d5b36112da)] -> xpath: //div[@class='product-image-wrapper']/div/div/p], [[ChromeDriver: chrome on windows (eb5df9e61cf8af9ba8c278d5b36112da)] -> xpath: //div[@class='product-image-wrapper']/div/div/p], [[ChromeDriver: chrome on windows (eb5df9e61cf8af9ba8c278d5b36112da)] -> xpath: //div[@class='product-image-wrapper']/div/div/p], [[ChromeDriver: chrome on windows (eb5df9e61cf8af9ba8c278d5b36112da)] -> xpath: //div[@class='product-image-wrapper']/div/div/p], [[ChromeDriver: chrome on windows (eb5df9e61cf8af9ba8c278d5b36112da)] -> xpath: //div[@class='product-image-wrapper']/div/div/p], [[ChromeDriver: chrome on windows (eb5df9e61cf8af9ba8c278d5b36112da)] -> xpath: //div[@class='product-image-wrapper']/div/div/p], [[ChromeDriver: chrome on windows (eb5df9e61cf8af9ba8c278d5b36112da)] -> xpath: //div[@class='product-image-wrapper']/div/div/p], [[ChromeDriver: chrome on windows (eb5df9e61cf8af9ba8c278d5b36112da)] -> xpath: //div[@class='product-image-wrapper']/div/div/p], [[ChromeDriver: chrome on windows (eb5df9e61cf8af9ba8c278d5b36112da)] -> xpath: //div[@class='product-image-wrapper']/div/div/p]]
2024-01-02 18:01:300 INFO  ProductPage :171 - Clicking on view cart link after adding product to the cart : [[ChromeDriver: chrome on windows (eb5df9e61cf8af9ba8c278d5b36112da)] -> xpath: //u[normalize-space()='View Cart']]
2024-01-02 18:01:337 INFO  ShoppingCartPage :45 - Getting Stylish Dress from shopping cart : [[[ChromeDriver: chrome on windows (eb5df9e61cf8af9ba8c278d5b36112da)] -> xpath: //td[@class = 'cart_description']/h4/a]]
2024-01-02 18:01:28 INFO  Homepage :95 - Navigating to current url
2024-01-02 18:01:827 INFO  Homepage :102 - verifying homepage url.
2024-01-02 18:01:466 INFO  Homepage :88 - hover to menu and click on element.
2024-01-02 18:01:503 INFO  SignupLoginPage :54 - Get New User Signup text : New User Signup!
2024-01-02 18:01:835 INFO  SignupLoginPage :60 - Enter Name : '[[ChromeDriver: chrome on windows (a3b22125e42099e0ce1a733fea53a8b0)] -> name: name]' to Name field
2024-01-02 18:01:949 INFO  SignupLoginPage :65 - Enter Email  : '[[ChromeDriver: chrome on windows (a3b22125e42099e0ce1a733fea53a8b0)] -> xpath: //input[@data-qa='signup-email']]' to Email Signup field
2024-01-02 18:01:953 INFO  SignupLoginPage :69 - Click on 'Signup' button
2024-01-02 18:01:322 INFO  EnterAccountInformationPage :95 - Get Enter Account Information text : ENTER ACCOUNT INFORMATION
